mode: atomic
github.com/eser/stack/apps/services/pkg/eser-go/configfx/manager.go:24.40,26.2 1 26
github.com/eser/stack/apps/services/pkg/eser-go/configfx/manager.go:28.66,32.16 3 26
github.com/eser/stack/apps/services/pkg/eser-go/configfx/manager.go:32.16,34.3 1 0
github.com/eser/stack/apps/services/pkg/eser-go/configfx/manager.go:36.2,45.8 1 26
github.com/eser/stack/apps/services/pkg/eser-go/configfx/manager.go:52.88,55.37 2 22
github.com/eser/stack/apps/services/pkg/eser-go/configfx/manager.go:55.37,57.17 2 24
github.com/eser/stack/apps/services/pkg/eser-go/configfx/manager.go:57.17,59.4 1 0
github.com/eser/stack/apps/services/pkg/eser-go/configfx/manager.go:62.2,62.21 1 22
github.com/eser/stack/apps/services/pkg/eser-go/configfx/manager.go:65.73,67.16 2 22
github.com/eser/stack/apps/services/pkg/eser-go/configfx/manager.go:67.16,69.3 1 0
github.com/eser/stack/apps/services/pkg/eser-go/configfx/manager.go:71.2,72.16 2 22
github.com/eser/stack/apps/services/pkg/eser-go/configfx/manager.go:72.16,74.3 1 0
github.com/eser/stack/apps/services/pkg/eser-go/configfx/manager.go:76.2,77.16 2 22
github.com/eser/stack/apps/services/pkg/eser-go/configfx/manager.go:77.16,79.3 1 0
github.com/eser/stack/apps/services/pkg/eser-go/configfx/manager.go:81.2,81.12 1 22
github.com/eser/stack/apps/services/pkg/eser-go/configfx/manager.go:84.52,91.2 1 0
github.com/eser/stack/apps/services/pkg/eser-go/configfx/manager.go:95.29,99.29 2 56
github.com/eser/stack/apps/services/pkg/eser-go/configfx/manager.go:99.29,101.3 1 0
github.com/eser/stack/apps/services/pkg/eser-go/configfx/manager.go:103.2,103.32 1 56
github.com/eser/stack/apps/services/pkg/eser-go/configfx/manager.go:103.32,109.3 1 0
github.com/eser/stack/apps/services/pkg/eser-go/configfx/manager.go:111.2,111.30 1 56
github.com/eser/stack/apps/services/pkg/eser-go/configfx/manager.go:111.30,115.32 3 170
github.com/eser/stack/apps/services/pkg/eser-go/configfx/manager.go:115.32,117.18 2 4
github.com/eser/stack/apps/services/pkg/eser-go/configfx/manager.go:117.18,119.5 1 0
github.com/eser/stack/apps/services/pkg/eser-go/configfx/manager.go:121.4,121.23 1 4
github.com/eser/stack/apps/services/pkg/eser-go/configfx/manager.go:121.23,123.5 1 4
github.com/eser/stack/apps/services/pkg/eser-go/configfx/manager.go:125.4,125.12 1 4
github.com/eser/stack/apps/services/pkg/eser-go/configfx/manager.go:128.3,129.14 2 166
github.com/eser/stack/apps/services/pkg/eser-go/configfx/manager.go:129.14,130.12 1 0
github.com/eser/stack/apps/services/pkg/eser-go/configfx/manager.go:133.3,140.10 5 166
github.com/eser/stack/apps/services/pkg/eser-go/configfx/manager.go:141.46,146.18 3 9
github.com/eser/stack/apps/services/pkg/eser-go/configfx/manager.go:146.18,148.5 1 0
github.com/eser/stack/apps/services/pkg/eser-go/configfx/manager.go:149.99,159.18 5 0
github.com/eser/stack/apps/services/pkg/eser-go/configfx/manager.go:159.18,161.5 1 0
github.com/eser/stack/apps/services/pkg/eser-go/configfx/manager.go:162.101,171.18 5 4
github.com/eser/stack/apps/services/pkg/eser-go/configfx/manager.go:171.18,173.5 1 0
github.com/eser/stack/apps/services/pkg/eser-go/configfx/manager.go:176.3,185.5 1 166
github.com/eser/stack/apps/services/pkg/eser-go/configfx/manager.go:188.2,188.20 1 56
github.com/eser/stack/apps/services/pkg/eser-go/configfx/manager.go:195.9,196.38 1 44
github.com/eser/stack/apps/services/pkg/eser-go/configfx/manager.go:196.38,199.39 2 146
github.com/eser/stack/apps/services/pkg/eser-go/configfx/manager.go:199.39,205.35 3 13
github.com/eser/stack/apps/services/pkg/eser-go/configfx/manager.go:205.35,207.80 1 391
github.com/eser/stack/apps/services/pkg/eser-go/configfx/manager.go:207.80,208.14 1 352
github.com/eser/stack/apps/services/pkg/eser-go/configfx/manager.go:214.5,218.59 2 39
github.com/eser/stack/apps/services/pkg/eser-go/configfx/manager.go:218.59,220.6 1 34
github.com/eser/stack/apps/services/pkg/eser-go/configfx/manager.go:226.5,232.43 4 39
github.com/eser/stack/apps/services/pkg/eser-go/configfx/manager.go:232.43,246.60 1 5
github.com/eser/stack/apps/services/pkg/eser-go/configfx/manager.go:246.60,247.15 1 0
github.com/eser/stack/apps/services/pkg/eser-go/configfx/manager.go:250.6,251.18 2 5
github.com/eser/stack/apps/services/pkg/eser-go/configfx/manager.go:251.18,252.44 1 5
github.com/eser/stack/apps/services/pkg/eser-go/configfx/manager.go:252.44,254.8 1 5
github.com/eser/stack/apps/services/pkg/eser-go/configfx/manager.go:260.5,260.43 1 39
github.com/eser/stack/apps/services/pkg/eser-go/configfx/manager.go:260.43,263.60 1 34
github.com/eser/stack/apps/services/pkg/eser-go/configfx/manager.go:263.60,264.15 1 23
github.com/eser/stack/apps/services/pkg/eser-go/configfx/manager.go:267.6,281.20 5 11
github.com/eser/stack/apps/services/pkg/eser-go/configfx/manager.go:281.20,283.7 1 0
github.com/eser/stack/apps/services/pkg/eser-go/configfx/manager.go:290.5,290.58 1 16
github.com/eser/stack/apps/services/pkg/eser-go/configfx/manager.go:293.4,295.12 2 13
github.com/eser/stack/apps/services/pkg/eser-go/configfx/manager.go:298.3,298.41 1 133
github.com/eser/stack/apps/services/pkg/eser-go/configfx/manager.go:298.41,309.35 4 3
github.com/eser/stack/apps/services/pkg/eser-go/configfx/manager.go:309.35,310.80 1 12
github.com/eser/stack/apps/services/pkg/eser-go/configfx/manager.go:310.80,311.14 1 9
github.com/eser/stack/apps/services/pkg/eser-go/configfx/manager.go:315.5,320.31 4 3
github.com/eser/stack/apps/services/pkg/eser-go/configfx/manager.go:320.31,321.24 1 3
github.com/eser/stack/apps/services/pkg/eser-go/configfx/manager.go:321.24,323.7 1 2
github.com/eser/stack/apps/services/pkg/eser-go/configfx/manager.go:325.6,325.25 1 3
github.com/eser/stack/apps/services/pkg/eser-go/configfx/manager.go:329.4,329.21 1 3
github.com/eser/stack/apps/services/pkg/eser-go/configfx/manager.go:329.21,336.36 4 2
github.com/eser/stack/apps/services/pkg/eser-go/configfx/manager.go:336.36,337.21 1 2
github.com/eser/stack/apps/services/pkg/eser-go/configfx/manager.go:337.21,338.15 1 0
github.com/eser/stack/apps/services/pkg/eser-go/configfx/manager.go:341.6,344.44 3 2
github.com/eser/stack/apps/services/pkg/eser-go/configfx/manager.go:344.44,362.21 5 2
github.com/eser/stack/apps/services/pkg/eser-go/configfx/manager.go:362.21,364.8 1 0
github.com/eser/stack/apps/services/pkg/eser-go/configfx/manager.go:365.12,370.19 3 0
github.com/eser/stack/apps/services/pkg/eser-go/configfx/manager.go:370.19,371.45 1 0
github.com/eser/stack/apps/services/pkg/eser-go/configfx/manager.go:371.45,373.9 1 0
github.com/eser/stack/apps/services/pkg/eser-go/configfx/manager.go:380.4,380.12 1 3
github.com/eser/stack/apps/services/pkg/eser-go/configfx/manager.go:383.3,383.42 1 130
github.com/eser/stack/apps/services/pkg/eser-go/configfx/manager.go:383.42,385.18 2 9
github.com/eser/stack/apps/services/pkg/eser-go/configfx/manager.go:385.18,387.5 1 0
github.com/eser/stack/apps/services/pkg/eser-go/configfx/manager.go:389.4,389.12 1 9
github.com/eser/stack/apps/services/pkg/eser-go/configfx/manager.go:393.3,396.18 3 121
github.com/eser/stack/apps/services/pkg/eser-go/configfx/manager.go:396.18,398.4 1 54
github.com/eser/stack/apps/services/pkg/eser-go/configfx/manager.go:400.3,400.15 1 121
github.com/eser/stack/apps/services/pkg/eser-go/configfx/manager.go:400.15,401.29 1 54
github.com/eser/stack/apps/services/pkg/eser-go/configfx/manager.go:401.29,404.13 2 19
github.com/eser/stack/apps/services/pkg/eser-go/configfx/manager.go:407.4,407.24 1 35
github.com/eser/stack/apps/services/pkg/eser-go/configfx/manager.go:407.24,415.5 1 0
github.com/eser/stack/apps/services/pkg/eser-go/configfx/manager.go:417.4,417.12 1 35
github.com/eser/stack/apps/services/pkg/eser-go/configfx/manager.go:420.3,420.50 1 67
github.com/eser/stack/apps/services/pkg/eser-go/configfx/manager.go:423.2,423.12 1 44
github.com/eser/stack/apps/services/pkg/eser-go/configfx/manager.go:430.3,433.19 2 86
github.com/eser/stack/apps/services/pkg/eser-go/configfx/manager.go:434.33,435.38 1 45
github.com/eser/stack/apps/services/pkg/eser-go/configfx/manager.go:436.30,438.41 2 5
github.com/eser/stack/apps/services/pkg/eser-go/configfx/manager.go:439.31,442.42 3 0
github.com/eser/stack/apps/services/pkg/eser-go/configfx/manager.go:443.32,446.43 3 0
github.com/eser/stack/apps/services/pkg/eser-go/configfx/manager.go:447.32,450.43 3 0
github.com/eser/stack/apps/services/pkg/eser-go/configfx/manager.go:451.32,453.43 2 0
github.com/eser/stack/apps/services/pkg/eser-go/configfx/manager.go:454.31,457.42 3 0
github.com/eser/stack/apps/services/pkg/eser-go/configfx/manager.go:458.32,461.43 3 0
github.com/eser/stack/apps/services/pkg/eser-go/configfx/manager.go:462.33,465.44 3 3
github.com/eser/stack/apps/services/pkg/eser-go/configfx/manager.go:466.33,469.44 3 0
github.com/eser/stack/apps/services/pkg/eser-go/configfx/manager.go:470.33,472.44 2 0
github.com/eser/stack/apps/services/pkg/eser-go/configfx/manager.go:473.34,475.43 2 0
github.com/eser/stack/apps/services/pkg/eser-go/configfx/manager.go:476.34,478.43 2 2
github.com/eser/stack/apps/services/pkg/eser-go/configfx/manager.go:479.31,481.42 2 0
github.com/eser/stack/apps/services/pkg/eser-go/configfx/manager.go:482.40,484.46 2 12
github.com/eser/stack/apps/services/pkg/eser-go/configfx/manager.go:485.42,489.42 3 16
github.com/eser/stack/apps/services/pkg/eser-go/configfx/manager.go:490.44,494.44 3 3
github.com/eser/stack/apps/services/pkg/eser-go/configfx/manager.go:495.10,496.9 1 0
github.com/eser/stack/apps/services/pkg/eser-go/configfx/manager.go:499.2,499.33 1 86
github.com/eser/stack/apps/services/pkg/eser-go/configfx/manager.go:499.33,506.3 4 0
github.com/eser/stack/apps/services/pkg/eser-go/configfx/manager.go:510.2,510.23 1 86
github.com/eser/stack/apps/services/pkg/eser-go/configfx/manager_resources.go:21.18,22.44 1 0
github.com/eser/stack/apps/services/pkg/eser-go/configfx/manager_resources.go:22.44,24.17 2 0
github.com/eser/stack/apps/services/pkg/eser-go/configfx/manager_resources.go:24.17,26.4 1 0
github.com/eser/stack/apps/services/pkg/eser-go/configfx/manager_resources.go:28.3,28.13 1 0
github.com/eser/stack/apps/services/pkg/eser-go/configfx/manager_resources.go:32.95,33.44 1 1
github.com/eser/stack/apps/services/pkg/eser-go/configfx/manager_resources.go:33.44,38.17 4 1
github.com/eser/stack/apps/services/pkg/eser-go/configfx/manager_resources.go:38.17,40.4 1 0
github.com/eser/stack/apps/services/pkg/eser-go/configfx/manager_resources.go:42.3,42.13 1 1
github.com/eser/stack/apps/services/pkg/eser-go/configfx/manager_resources.go:46.80,47.44 1 3
github.com/eser/stack/apps/services/pkg/eser-go/configfx/manager_resources.go:47.44,51.3 2 3
github.com/eser/stack/apps/services/pkg/eser-go/configfx/manager_resources.go:54.77,55.44 1 0
github.com/eser/stack/apps/services/pkg/eser-go/configfx/manager_resources.go:55.44,57.17 2 0
github.com/eser/stack/apps/services/pkg/eser-go/configfx/manager_resources.go:57.17,59.4 1 0
github.com/eser/stack/apps/services/pkg/eser-go/configfx/manager_resources.go:61.3,61.13 1 0
github.com/eser/stack/apps/services/pkg/eser-go/configfx/manager_resources.go:65.71,66.44 1 1
github.com/eser/stack/apps/services/pkg/eser-go/configfx/manager_resources.go:66.44,71.17 4 1
github.com/eser/stack/apps/services/pkg/eser-go/configfx/manager_resources.go:71.17,73.4 1 0
github.com/eser/stack/apps/services/pkg/eser-go/configfx/manager_resources.go:75.3,75.13 1 1
github.com/eser/stack/apps/services/pkg/eser-go/configfx/manager_resources.go:79.72,80.44 1 0
github.com/eser/stack/apps/services/pkg/eser-go/configfx/manager_resources.go:80.44,82.17 2 0
github.com/eser/stack/apps/services/pkg/eser-go/configfx/manager_resources.go:82.17,84.4 1 0
github.com/eser/stack/apps/services/pkg/eser-go/configfx/manager_resources.go:86.3,86.13 1 0
github.com/eser/stack/apps/services/pkg/eser-go/configfx/jsonparser/jsonparser.go:17.57,21.16 3 3
github.com/eser/stack/apps/services/pkg/eser-go/configfx/jsonparser/jsonparser.go:21.16,23.3 1 0
github.com/eser/stack/apps/services/pkg/eser-go/configfx/jsonparser/jsonparser.go:25.2,27.12 2 3
github.com/eser/stack/apps/services/pkg/eser-go/configfx/jsonparser/jsonparser.go:30.50,34.16 3 3
github.com/eser/stack/apps/services/pkg/eser-go/configfx/jsonparser/jsonparser.go:34.16,36.3 1 0
github.com/eser/stack/apps/services/pkg/eser-go/configfx/jsonparser/jsonparser.go:38.2,38.35 1 3
github.com/eser/stack/apps/services/pkg/eser-go/configfx/jsonparser/jsonparser.go:41.67,43.20 2 3
github.com/eser/stack/apps/services/pkg/eser-go/configfx/jsonparser/jsonparser.go:43.20,44.29 1 0
github.com/eser/stack/apps/services/pkg/eser-go/configfx/jsonparser/jsonparser.go:44.29,46.4 1 0
github.com/eser/stack/apps/services/pkg/eser-go/configfx/jsonparser/jsonparser.go:48.3,48.56 1 0
github.com/eser/stack/apps/services/pkg/eser-go/configfx/jsonparser/jsonparser.go:51.2,51.15 1 3
github.com/eser/stack/apps/services/pkg/eser-go/configfx/jsonparser/jsonparser.go:51.15,53.3 1 3
github.com/eser/stack/apps/services/pkg/eser-go/configfx/jsonparser/jsonparser.go:55.2,55.23 1 3
github.com/eser/stack/apps/services/pkg/eser-go/configfx/jsonparser/jsonparser.go:58.66,59.37 1 2
github.com/eser/stack/apps/services/pkg/eser-go/configfx/jsonparser/jsonparser.go:59.37,61.17 2 3
github.com/eser/stack/apps/services/pkg/eser-go/configfx/jsonparser/jsonparser.go:61.17,63.4 1 0
github.com/eser/stack/apps/services/pkg/eser-go/configfx/jsonparser/jsonparser.go:66.2,66.12 1 2
github.com/eser/stack/apps/services/pkg/eser-go/configfx/jsonparser/jsonparser.go:69.81,71.21 2 6
github.com/eser/stack/apps/services/pkg/eser-go/configfx/jsonparser/jsonparser.go:71.21,73.3 1 3
github.com/eser/stack/apps/services/pkg/eser-go/configfx/jsonparser/jsonparser.go:75.2,75.32 1 6
github.com/eser/stack/apps/services/pkg/eser-go/configfx/jsonparser/jsonparser.go:75.32,78.12 2 16
github.com/eser/stack/apps/services/pkg/eser-go/configfx/jsonparser/jsonparser.go:78.12,79.25 1 5
github.com/eser/stack/apps/services/pkg/eser-go/configfx/jsonparser/jsonparser.go:79.25,81.5 1 3
github.com/eser/stack/apps/services/pkg/eser-go/configfx/jsonparser/jsonparser.go:81.10,83.5 1 2
github.com/eser/stack/apps/services/pkg/eser-go/configfx/jsonparser/jsonparser.go:85.4,85.12 1 5
github.com/eser/stack/apps/services/pkg/eser-go/configfx/jsonparser/jsonparser.go:89.3,90.14 2 11
github.com/eser/stack/apps/services/pkg/eser-go/configfx/jsonparser/jsonparser.go:90.14,91.34 1 3
github.com/eser/stack/apps/services/pkg/eser-go/configfx/jsonparser/jsonparser.go:91.34,93.49 1 5
github.com/eser/stack/apps/services/pkg/eser-go/configfx/jsonparser/jsonparser.go:93.49,95.6 1 0
github.com/eser/stack/apps/services/pkg/eser-go/configfx/jsonparser/jsonparser.go:95.11,98.6 1 5
github.com/eser/stack/apps/services/pkg/eser-go/configfx/jsonparser/jsonparser.go:101.4,101.12 1 3
github.com/eser/stack/apps/services/pkg/eser-go/configfx/jsonparser/jsonparser.go:104.3,104.48 1 8
github.com/eser/stack/apps/services/pkg/eser-go/configfx/envparser/envparser.go:40.82,44.6 3 3
github.com/eser/stack/apps/services/pkg/eser-go/configfx/envparser/envparser.go:44.6,46.20 2 6
github.com/eser/stack/apps/services/pkg/eser-go/configfx/envparser/envparser.go:46.20,48.9 1 3
github.com/eser/stack/apps/services/pkg/eser-go/configfx/envparser/envparser.go:51.3,52.17 2 3
github.com/eser/stack/apps/services/pkg/eser-go/configfx/envparser/envparser.go:52.17,54.4 1 0
github.com/eser/stack/apps/services/pkg/eser-go/configfx/envparser/envparser.go:56.3,57.17 2 3
github.com/eser/stack/apps/services/pkg/eser-go/configfx/envparser/envparser.go:57.17,59.4 1 0
github.com/eser/stack/apps/services/pkg/eser-go/configfx/envparser/envparser.go:61.3,61.25 1 3
github.com/eser/stack/apps/services/pkg/eser-go/configfx/envparser/envparser.go:61.25,63.4 1 3
github.com/eser/stack/apps/services/pkg/eser-go/configfx/envparser/envparser.go:63.9,65.4 1 0
github.com/eser/stack/apps/services/pkg/eser-go/configfx/envparser/envparser.go:67.3,67.16 1 3
github.com/eser/stack/apps/services/pkg/eser-go/configfx/envparser/envparser.go:70.2,70.12 1 3
github.com/eser/stack/apps/services/pkg/eser-go/configfx/envparser/envparser.go:76.43,78.15 2 6
github.com/eser/stack/apps/services/pkg/eser-go/configfx/envparser/envparser.go:78.15,80.3 1 3
github.com/eser/stack/apps/services/pkg/eser-go/configfx/envparser/envparser.go:82.2,83.27 2 3
github.com/eser/stack/apps/services/pkg/eser-go/configfx/envparser/envparser.go:83.27,85.3 1 3
github.com/eser/stack/apps/services/pkg/eser-go/configfx/envparser/envparser.go:88.2,89.15 2 0
github.com/eser/stack/apps/services/pkg/eser-go/configfx/envparser/envparser.go:89.15,91.3 1 0
github.com/eser/stack/apps/services/pkg/eser-go/configfx/envparser/envparser.go:93.2,93.37 1 0
github.com/eser/stack/apps/services/pkg/eser-go/configfx/envparser/envparser.go:96.54,97.27 1 3
github.com/eser/stack/apps/services/pkg/eser-go/configfx/envparser/envparser.go:97.27,100.87 2 15
github.com/eser/stack/apps/services/pkg/eser-go/configfx/envparser/envparser.go:100.87,101.12 1 12
github.com/eser/stack/apps/services/pkg/eser-go/configfx/envparser/envparser.go:104.3,104.33 1 3
github.com/eser/stack/apps/services/pkg/eser-go/configfx/envparser/envparser.go:104.33,108.4 2 3
github.com/eser/stack/apps/services/pkg/eser-go/configfx/envparser/envparser.go:110.3,115.4 1 0
github.com/eser/stack/apps/services/pkg/eser-go/configfx/envparser/envparser.go:118.2,122.3 1 0
github.com/eser/stack/apps/services/pkg/eser-go/configfx/envparser/envparser.go:125.42,129.2 2 3
github.com/eser/stack/apps/services/pkg/eser-go/configfx/envparser/envparser.go:132.56,136.16 3 3
github.com/eser/stack/apps/services/pkg/eser-go/configfx/envparser/envparser.go:136.16,138.3 1 0
github.com/eser/stack/apps/services/pkg/eser-go/configfx/envparser/envparser.go:140.2,140.22 1 3
github.com/eser/stack/apps/services/pkg/eser-go/configfx/envparser/envparser.go:140.22,146.3 1 0
github.com/eser/stack/apps/services/pkg/eser-go/configfx/envparser/envparser.go:148.2,151.25 3 3
github.com/eser/stack/apps/services/pkg/eser-go/configfx/envparser/envparser.go:154.88,159.21 2 3
github.com/eser/stack/apps/services/pkg/eser-go/configfx/envparser/envparser.go:159.21,162.21 2 0
github.com/eser/stack/apps/services/pkg/eser-go/configfx/envparser/envparser.go:162.21,164.4 1 0
github.com/eser/stack/apps/services/pkg/eser-go/configfx/envparser/envparser.go:168.2,172.19 3 3
github.com/eser/stack/apps/services/pkg/eser-go/configfx/envparser/envparser.go:172.19,174.3 1 0
github.com/eser/stack/apps/services/pkg/eser-go/configfx/envparser/envparser.go:178.2,178.37 1 3
github.com/eser/stack/apps/services/pkg/eser-go/configfx/envparser/envparser.go:178.37,179.38 1 21
github.com/eser/stack/apps/services/pkg/eser-go/configfx/envparser/envparser.go:179.38,180.26 1 0
github.com/eser/stack/apps/services/pkg/eser-go/configfx/envparser/envparser.go:180.26,183.10 2 0
github.com/eser/stack/apps/services/pkg/eser-go/configfx/envparser/envparser.go:188.2,190.61 2 3
github.com/eser/stack/apps/services/pkg/eser-go/configfx/envparser/envparser.go:193.98,195.32 1 0
github.com/eser/stack/apps/services/pkg/eser-go/configfx/envparser/envparser.go:195.32,196.36 1 0
github.com/eser/stack/apps/services/pkg/eser-go/configfx/envparser/envparser.go:196.36,197.12 1 0
github.com/eser/stack/apps/services/pkg/eser-go/configfx/envparser/envparser.go:201.3,201.45 1 0
github.com/eser/stack/apps/services/pkg/eser-go/configfx/envparser/envparser.go:201.45,202.12 1 0
github.com/eser/stack/apps/services/pkg/eser-go/configfx/envparser/envparser.go:206.3,209.33 3 0
github.com/eser/stack/apps/services/pkg/eser-go/configfx/envparser/envparser.go:209.33,213.4 1 0
github.com/eser/stack/apps/services/pkg/eser-go/configfx/envparser/envparser.go:215.3,215.31 1 0
github.com/eser/stack/apps/services/pkg/eser-go/configfx/envparser/envparser.go:219.2,220.23 2 0
github.com/eser/stack/apps/services/pkg/eser-go/configfx/envparser/envparser.go:220.23,222.3 1 0
github.com/eser/stack/apps/services/pkg/eser-go/configfx/envparser/envparser.go:224.2,228.3 1 0
github.com/eser/stack/apps/services/pkg/eser-go/configfx/envparser/envparser.go:232.80,235.16 2 3
github.com/eser/stack/apps/services/pkg/eser-go/configfx/envparser/envparser.go:235.16,237.3 1 3
github.com/eser/stack/apps/services/pkg/eser-go/configfx/envparser/envparser.go:239.2,239.48 1 0
github.com/eser/stack/apps/services/pkg/eser-go/configfx/envparser/envparser.go:242.39,243.73 1 0
github.com/eser/stack/apps/services/pkg/eser-go/configfx/envparser/envparser.go:243.73,245.12 2 0
github.com/eser/stack/apps/services/pkg/eser-go/configfx/envparser/envparser.go:246.12,247.15 1 0
github.com/eser/stack/apps/services/pkg/eser-go/configfx/envparser/envparser.go:248.12,249.15 1 0
github.com/eser/stack/apps/services/pkg/eser-go/configfx/envparser/envparser.go:250.11,251.16 1 0
github.com/eser/stack/apps/services/pkg/eser-go/configfx/envparser/envparser.go:255.2,255.55 1 0
github.com/eser/stack/apps/services/pkg/eser-go/configfx/envparser/envparser.go:258.42,259.48 1 6
github.com/eser/stack/apps/services/pkg/eser-go/configfx/envparser/envparser.go:259.48,261.3 1 6
github.com/eser/stack/apps/services/pkg/eser-go/configfx/envparser/envparser.go:265.46,266.19 1 3
github.com/eser/stack/apps/services/pkg/eser-go/configfx/envparser/envparser.go:266.19,268.3 1 0
github.com/eser/stack/apps/services/pkg/eser-go/configfx/envparser/envparser.go:270.2,270.34 1 3
github.com/eser/stack/apps/services/pkg/eser-go/configfx/envparser/envparser.go:271.44,272.22 1 0
github.com/eser/stack/apps/services/pkg/eser-go/configfx/envparser/envparser.go:273.10,274.18 1 3
github.com/eser/stack/apps/services/pkg/eser-go/configfx/envparser/envparser.go:278.44,279.27 1 0
github.com/eser/stack/apps/services/pkg/eser-go/configfx/envparser/envparser.go:279.27,281.3 1 0
github.com/eser/stack/apps/services/pkg/eser-go/configfx/envparser/envparser.go:287.27,288.11 1 6
github.com/eser/stack/apps/services/pkg/eser-go/configfx/envparser/envparser.go:289.47,290.14 1 0
github.com/eser/stack/apps/services/pkg/eser-go/configfx/envparser/envparser.go:293.2,293.14 1 6
github.com/eser/stack/apps/services/pkg/eser-go/configfx/envparser/envparser.go:296.29,297.28 1 24
github.com/eser/stack/apps/services/pkg/eser-go/configfx/envparser/envparser.go:297.28,299.3 1 3
github.com/eser/stack/apps/services/pkg/eser-go/configfx/envparser/envparser.go:301.2,301.14 1 21
github.com/eser/stack/apps/services/pkg/eser-go/configfx/envparser/envparser.go:310.58,311.70 1 3
github.com/eser/stack/apps/services/pkg/eser-go/configfx/envparser/envparser.go:311.70,314.22 2 0
github.com/eser/stack/apps/services/pkg/eser-go/configfx/envparser/envparser.go:314.22,316.4 1 0
github.com/eser/stack/apps/services/pkg/eser-go/configfx/envparser/envparser.go:318.3,318.48 1 0
github.com/eser/stack/apps/services/pkg/eser-go/configfx/envparser/envparser.go:318.48,320.4 1 0
github.com/eser/stack/apps/services/pkg/eser-go/configfx/envparser/envparser.go:322.3,322.24 1 0
github.com/eser/stack/apps/services/pkg/eser-go/configfx/envparser/envparser.go:322.24,324.4 1 0
github.com/eser/stack/apps/services/pkg/eser-go/configfx/envparser/envparser.go:326.3,326.11 1 0
github.com/eser/stack/apps/services/pkg/eser-go/configfx/envparser/envparser.go:330.75,334.16 3 3
github.com/eser/stack/apps/services/pkg/eser-go/configfx/envparser/envparser.go:334.16,336.3 1 0
github.com/eser/stack/apps/services/pkg/eser-go/configfx/envparser/envparser.go:338.2,338.55 1 3
github.com/eser/stack/apps/services/pkg/eser-go/configfx/envparser/envparser.go:345.15,347.20 2 3
github.com/eser/stack/apps/services/pkg/eser-go/configfx/envparser/envparser.go:347.20,348.29 1 0
github.com/eser/stack/apps/services/pkg/eser-go/configfx/envparser/envparser.go:348.29,350.4 1 0
github.com/eser/stack/apps/services/pkg/eser-go/configfx/envparser/envparser.go:352.3,352.56 1 0
github.com/eser/stack/apps/services/pkg/eser-go/configfx/envparser/envparser.go:355.2,355.15 1 3
github.com/eser/stack/apps/services/pkg/eser-go/configfx/envparser/envparser.go:355.15,357.3 1 3
github.com/eser/stack/apps/services/pkg/eser-go/configfx/envparser/envparser.go:359.2,359.43 1 3
github.com/eser/stack/apps/services/pkg/eser-go/configfx/envparser/envparser.go:362.91,363.37 1 2
github.com/eser/stack/apps/services/pkg/eser-go/configfx/envparser/envparser.go:363.37,365.17 2 3
github.com/eser/stack/apps/services/pkg/eser-go/configfx/envparser/envparser.go:365.17,367.4 1 0
github.com/eser/stack/apps/services/pkg/eser-go/configfx/envparser/envparser.go:370.2,370.12 1 2
github.com/eser/stack/apps/services/pkg/eser-go/connfx/adapter_amqp.go:48.41,52.2 1 0
github.com/eser/stack/apps/services/pkg/eser-go/connfx/adapter_amqp.go:69.77,70.19 1 0
github.com/eser/stack/apps/services/pkg/eser-go/connfx/adapter_amqp.go:70.19,72.3 1 0
github.com/eser/stack/apps/services/pkg/eser-go/connfx/adapter_amqp.go:74.2,84.3 2 0
github.com/eser/stack/apps/services/pkg/eser-go/connfx/adapter_amqp.go:88.63,93.2 1 0
github.com/eser/stack/apps/services/pkg/eser-go/connfx/adapter_amqp.go:95.68,99.2 1 0
github.com/eser/stack/apps/services/pkg/eser-go/connfx/adapter_amqp.go:101.48,103.2 1 0
github.com/eser/stack/apps/services/pkg/eser-go/connfx/adapter_amqp.go:105.54,107.2 1 0
github.com/eser/stack/apps/services/pkg/eser-go/connfx/adapter_amqp.go:109.74,121.16 4 0
github.com/eser/stack/apps/services/pkg/eser-go/connfx/adapter_amqp.go:121.16,128.3 5 0
github.com/eser/stack/apps/services/pkg/eser-go/connfx/adapter_amqp.go:130.2,134.15 4 0
github.com/eser/stack/apps/services/pkg/eser-go/connfx/adapter_amqp.go:137.60,140.31 2 0
github.com/eser/stack/apps/services/pkg/eser-go/connfx/adapter_amqp.go:140.31,142.17 2 0
github.com/eser/stack/apps/services/pkg/eser-go/connfx/adapter_amqp.go:142.17,144.4 1 0
github.com/eser/stack/apps/services/pkg/eser-go/connfx/adapter_amqp.go:147.2,147.34 1 0
github.com/eser/stack/apps/services/pkg/eser-go/connfx/adapter_amqp.go:147.34,149.17 2 0
github.com/eser/stack/apps/services/pkg/eser-go/connfx/adapter_amqp.go:149.17,151.4 1 0
github.com/eser/stack/apps/services/pkg/eser-go/connfx/adapter_amqp.go:154.2,154.12 1 0
github.com/eser/stack/apps/services/pkg/eser-go/connfx/adapter_amqp.go:157.50,159.2 1 0
github.com/eser/stack/apps/services/pkg/eser-go/connfx/adapter_amqp.go:162.87,164.16 2 0
github.com/eser/stack/apps/services/pkg/eser-go/connfx/adapter_amqp.go:164.16,166.3 1 0
github.com/eser/stack/apps/services/pkg/eser-go/connfx/adapter_amqp.go:168.2,176.16 2 0
github.com/eser/stack/apps/services/pkg/eser-go/connfx/adapter_amqp.go:176.16,178.3 1 0
github.com/eser/stack/apps/services/pkg/eser-go/connfx/adapter_amqp.go:180.2,180.24 1 0
github.com/eser/stack/apps/services/pkg/eser-go/connfx/adapter_amqp.go:187.19,189.16 2 0
github.com/eser/stack/apps/services/pkg/eser-go/connfx/adapter_amqp.go:189.16,191.3 1 0
github.com/eser/stack/apps/services/pkg/eser-go/connfx/adapter_amqp.go:193.2,196.24 2 0
github.com/eser/stack/apps/services/pkg/eser-go/connfx/adapter_amqp.go:196.24,198.3 1 0
github.com/eser/stack/apps/services/pkg/eser-go/connfx/adapter_amqp.go:201.2,201.27 1 0
github.com/eser/stack/apps/services/pkg/eser-go/connfx/adapter_amqp.go:201.27,203.23 2 0
github.com/eser/stack/apps/services/pkg/eser-go/connfx/adapter_amqp.go:203.23,209.4 1 0
github.com/eser/stack/apps/services/pkg/eser-go/connfx/adapter_amqp.go:211.3,211.39 1 0
github.com/eser/stack/apps/services/pkg/eser-go/connfx/adapter_amqp.go:215.2,215.26 1 0
github.com/eser/stack/apps/services/pkg/eser-go/connfx/adapter_amqp.go:215.26,216.34 1 0
github.com/eser/stack/apps/services/pkg/eser-go/connfx/adapter_amqp.go:216.34,222.4 1 0
github.com/eser/stack/apps/services/pkg/eser-go/connfx/adapter_amqp.go:224.3,224.49 1 0
github.com/eser/stack/apps/services/pkg/eser-go/connfx/adapter_amqp.go:227.2,235.16 2 0
github.com/eser/stack/apps/services/pkg/eser-go/connfx/adapter_amqp.go:235.16,237.3 1 0
github.com/eser/stack/apps/services/pkg/eser-go/connfx/adapter_amqp.go:239.2,239.24 1 0
github.com/eser/stack/apps/services/pkg/eser-go/connfx/adapter_amqp.go:242.90,244.2 1 0
github.com/eser/stack/apps/services/pkg/eser-go/connfx/adapter_amqp.go:251.9,253.16 2 0
github.com/eser/stack/apps/services/pkg/eser-go/connfx/adapter_amqp.go:253.16,255.3 1 0
github.com/eser/stack/apps/services/pkg/eser-go/connfx/adapter_amqp.go:257.2,262.20 2 0
github.com/eser/stack/apps/services/pkg/eser-go/connfx/adapter_amqp.go:262.20,264.3 1 0
github.com/eser/stack/apps/services/pkg/eser-go/connfx/adapter_amqp.go:266.2,274.16 2 0
github.com/eser/stack/apps/services/pkg/eser-go/connfx/adapter_amqp.go:274.16,276.3 1 0
github.com/eser/stack/apps/services/pkg/eser-go/connfx/adapter_amqp.go:278.2,278.12 1 0
github.com/eser/stack/apps/services/pkg/eser-go/connfx/adapter_amqp.go:285.34,289.12 3 0
github.com/eser/stack/apps/services/pkg/eser-go/connfx/adapter_amqp.go:289.12,294.3 3 0
github.com/eser/stack/apps/services/pkg/eser-go/connfx/adapter_amqp.go:296.2,296.25 1 0
github.com/eser/stack/apps/services/pkg/eser-go/connfx/adapter_amqp.go:305.34,309.2 1 0
github.com/eser/stack/apps/services/pkg/eser-go/connfx/adapter_amqp.go:318.22,324.2 1 0
github.com/eser/stack/apps/services/pkg/eser-go/connfx/adapter_amqp.go:329.9,333.2 1 0
github.com/eser/stack/apps/services/pkg/eser-go/connfx/adapter_amqp.go:335.98,341.2 1 0
github.com/eser/stack/apps/services/pkg/eser-go/connfx/adapter_amqp.go:346.49,347.55 1 0
github.com/eser/stack/apps/services/pkg/eser-go/connfx/adapter_amqp.go:347.55,349.3 1 0
github.com/eser/stack/apps/services/pkg/eser-go/connfx/adapter_amqp.go:351.2,352.16 2 0
github.com/eser/stack/apps/services/pkg/eser-go/connfx/adapter_amqp.go:352.16,354.3 1 0
github.com/eser/stack/apps/services/pkg/eser-go/connfx/adapter_amqp.go:356.2,357.16 2 0
github.com/eser/stack/apps/services/pkg/eser-go/connfx/adapter_amqp.go:357.16,359.22 2 0
github.com/eser/stack/apps/services/pkg/eser-go/connfx/adapter_amqp.go:359.22,366.4 1 0
github.com/eser/stack/apps/services/pkg/eser-go/connfx/adapter_amqp.go:368.3,368.74 1 0
github.com/eser/stack/apps/services/pkg/eser-go/connfx/adapter_amqp.go:371.2,374.12 3 0
github.com/eser/stack/apps/services/pkg/eser-go/connfx/adapter_amqp.go:384.3,386.16 2 0
github.com/eser/stack/apps/services/pkg/eser-go/connfx/adapter_amqp.go:386.16,387.10 1 0
github.com/eser/stack/apps/services/pkg/eser-go/connfx/adapter_amqp.go:388.95,388.95 0 0
github.com/eser/stack/apps/services/pkg/eser-go/connfx/adapter_amqp.go:389.21,389.21 0 0
github.com/eser/stack/apps/services/pkg/eser-go/connfx/adapter_amqp.go:392.3,392.9 1 0
github.com/eser/stack/apps/services/pkg/eser-go/connfx/adapter_amqp.go:395.2,404.16 2 0
github.com/eser/stack/apps/services/pkg/eser-go/connfx/adapter_amqp.go:404.16,405.10 1 0
github.com/eser/stack/apps/services/pkg/eser-go/connfx/adapter_amqp.go:406.103,406.103 0 0
github.com/eser/stack/apps/services/pkg/eser-go/connfx/adapter_amqp.go:407.21,407.21 0 0
github.com/eser/stack/apps/services/pkg/eser-go/connfx/adapter_amqp.go:410.3,410.9 1 0
github.com/eser/stack/apps/services/pkg/eser-go/connfx/adapter_amqp.go:413.2,413.55 1 0
github.com/eser/stack/apps/services/pkg/eser-go/connfx/adapter_amqp.go:422.3,423.6 1 0
github.com/eser/stack/apps/services/pkg/eser-go/connfx/adapter_amqp.go:423.6,424.10 1 0
github.com/eser/stack/apps/services/pkg/eser-go/connfx/adapter_amqp.go:425.21,426.10 1 0
github.com/eser/stack/apps/services/pkg/eser-go/connfx/adapter_amqp.go:427.37,428.11 1 0
github.com/eser/stack/apps/services/pkg/eser-go/connfx/adapter_amqp.go:428.11,429.12 1 0
github.com/eser/stack/apps/services/pkg/eser-go/connfx/adapter_amqp.go:430.45,430.45 0 0
github.com/eser/stack/apps/services/pkg/eser-go/connfx/adapter_amqp.go:431.23,431.23 0 0
github.com/eser/stack/apps/services/pkg/eser-go/connfx/adapter_amqp.go:434.5,434.11 1 0
github.com/eser/stack/apps/services/pkg/eser-go/connfx/adapter_amqp.go:437.4,439.11 2 0
github.com/eser/stack/apps/services/pkg/eser-go/connfx/adapter_amqp.go:440.25,440.25 0 0
github.com/eser/stack/apps/services/pkg/eser-go/connfx/adapter_amqp.go:441.22,442.11 1 0
github.com/eser/stack/apps/services/pkg/eser-go/connfx/adapter_amqp.go:449.70,452.29 2 0
github.com/eser/stack/apps/services/pkg/eser-go/connfx/adapter_amqp.go:452.29,454.3 1 0
github.com/eser/stack/apps/services/pkg/eser-go/connfx/adapter_amqp.go:456.2,465.30 2 0
github.com/eser/stack/apps/services/pkg/eser-go/connfx/adapter_amqp.go:465.30,467.3 1 0
github.com/eser/stack/apps/services/pkg/eser-go/connfx/adapter_amqp.go:469.2,469.43 1 0
github.com/eser/stack/apps/services/pkg/eser-go/connfx/adapter_amqp.go:469.43,471.3 1 0
github.com/eser/stack/apps/services/pkg/eser-go/connfx/adapter_amqp.go:473.2,473.12 1 0
github.com/eser/stack/apps/services/pkg/eser-go/connfx/adapter_amqp.go:482.71,486.2 1 1
github.com/eser/stack/apps/services/pkg/eser-go/connfx/adapter_amqp.go:491.23,496.26 2 0
github.com/eser/stack/apps/services/pkg/eser-go/connfx/adapter_amqp.go:496.26,498.3 1 0
github.com/eser/stack/apps/services/pkg/eser-go/connfx/adapter_amqp.go:500.2,504.42 3 0
github.com/eser/stack/apps/services/pkg/eser-go/connfx/adapter_amqp.go:504.42,506.3 1 0
github.com/eser/stack/apps/services/pkg/eser-go/connfx/adapter_amqp.go:508.2,508.18 1 0
github.com/eser/stack/apps/services/pkg/eser-go/connfx/adapter_amqp.go:511.54,513.2 1 1
github.com/eser/stack/apps/services/pkg/eser-go/connfx/adapter_http.go:69.71,73.2 1 9
github.com/eser/stack/apps/services/pkg/eser-go/connfx/adapter_http.go:78.23,81.16 2 0
github.com/eser/stack/apps/services/pkg/eser-go/connfx/adapter_http.go:81.16,83.3 1 0
github.com/eser/stack/apps/services/pkg/eser-go/connfx/adapter_http.go:85.2,99.42 4 0
github.com/eser/stack/apps/services/pkg/eser-go/connfx/adapter_http.go:99.42,101.3 1 0
github.com/eser/stack/apps/services/pkg/eser-go/connfx/adapter_http.go:103.2,103.18 1 0
github.com/eser/stack/apps/services/pkg/eser-go/connfx/adapter_http.go:106.54,108.2 1 9
github.com/eser/stack/apps/services/pkg/eser-go/connfx/adapter_http.go:112.50,121.40 3 0
github.com/eser/stack/apps/services/pkg/eser-go/connfx/adapter_http.go:121.40,127.52 2 0
github.com/eser/stack/apps/services/pkg/eser-go/connfx/adapter_http.go:127.52,129.18 2 0
github.com/eser/stack/apps/services/pkg/eser-go/connfx/adapter_http.go:129.18,137.5 1 0
github.com/eser/stack/apps/services/pkg/eser-go/connfx/adapter_http.go:139.4,139.52 1 0
github.com/eser/stack/apps/services/pkg/eser-go/connfx/adapter_http.go:142.3,142.83 1 0
github.com/eser/stack/apps/services/pkg/eser-go/connfx/adapter_http.go:145.2,148.24 2 0
github.com/eser/stack/apps/services/pkg/eser-go/connfx/adapter_http.go:148.24,150.3 1 0
github.com/eser/stack/apps/services/pkg/eser-go/connfx/adapter_http.go:150.8,152.3 1 0
github.com/eser/stack/apps/services/pkg/eser-go/connfx/adapter_http.go:155.2,159.30 3 0
github.com/eser/stack/apps/services/pkg/eser-go/connfx/adapter_http.go:159.30,161.77 1 0
github.com/eser/stack/apps/services/pkg/eser-go/connfx/adapter_http.go:161.77,162.36 1 0
github.com/eser/stack/apps/services/pkg/eser-go/connfx/adapter_http.go:162.36,163.37 1 0
github.com/eser/stack/apps/services/pkg/eser-go/connfx/adapter_http.go:163.37,165.6 1 0
github.com/eser/stack/apps/services/pkg/eser-go/connfx/adapter_http.go:167.9,167.87 1 0
github.com/eser/stack/apps/services/pkg/eser-go/connfx/adapter_http.go:167.87,170.4 1 0
github.com/eser/stack/apps/services/pkg/eser-go/connfx/adapter_http.go:173.2,173.29 1 0
github.com/eser/stack/apps/services/pkg/eser-go/connfx/adapter_http.go:176.92,196.30 2 0
github.com/eser/stack/apps/services/pkg/eser-go/connfx/adapter_http.go:196.30,200.3 3 0
github.com/eser/stack/apps/services/pkg/eser-go/connfx/adapter_http.go:202.2,202.21 1 0
github.com/eser/stack/apps/services/pkg/eser-go/connfx/adapter_http.go:208.3,210.9 2 0
github.com/eser/stack/apps/services/pkg/eser-go/connfx/adapter_http.go:210.9,212.3 1 0
github.com/eser/stack/apps/services/pkg/eser-go/connfx/adapter_http.go:214.2,214.51 1 0
github.com/eser/stack/apps/services/pkg/eser-go/connfx/adapter_http.go:214.51,216.3 1 0
github.com/eser/stack/apps/services/pkg/eser-go/connfx/adapter_http.go:218.2,218.80 1 0
github.com/eser/stack/apps/services/pkg/eser-go/connfx/adapter_http.go:218.80,220.3 1 0
github.com/eser/stack/apps/services/pkg/eser-go/connfx/adapter_http.go:222.2,222.66 1 0
github.com/eser/stack/apps/services/pkg/eser-go/connfx/adapter_http.go:222.66,224.3 1 0
github.com/eser/stack/apps/services/pkg/eser-go/connfx/adapter_http.go:226.2,226.83 1 0
github.com/eser/stack/apps/services/pkg/eser-go/connfx/adapter_http.go:226.83,228.3 1 0
github.com/eser/stack/apps/services/pkg/eser-go/connfx/adapter_http.go:234.3,236.9 2 0
github.com/eser/stack/apps/services/pkg/eser-go/connfx/adapter_http.go:236.9,238.3 1 0
github.com/eser/stack/apps/services/pkg/eser-go/connfx/adapter_http.go:240.2,240.54 1 0
github.com/eser/stack/apps/services/pkg/eser-go/connfx/adapter_http.go:240.54,242.3 1 0
github.com/eser/stack/apps/services/pkg/eser-go/connfx/adapter_http.go:244.2,244.82 1 0
github.com/eser/stack/apps/services/pkg/eser-go/connfx/adapter_http.go:244.82,246.3 1 0
github.com/eser/stack/apps/services/pkg/eser-go/connfx/adapter_http.go:248.2,248.80 1 0
github.com/eser/stack/apps/services/pkg/eser-go/connfx/adapter_http.go:248.80,250.3 1 0
github.com/eser/stack/apps/services/pkg/eser-go/connfx/adapter_http.go:252.2,252.72 1 0
github.com/eser/stack/apps/services/pkg/eser-go/connfx/adapter_http.go:252.72,254.3 1 0
github.com/eser/stack/apps/services/pkg/eser-go/connfx/adapter_http.go:256.2,256.63 1 0
github.com/eser/stack/apps/services/pkg/eser-go/connfx/adapter_http.go:256.63,258.3 1 0
github.com/eser/stack/apps/services/pkg/eser-go/connfx/adapter_http.go:260.2,260.68 1 0
github.com/eser/stack/apps/services/pkg/eser-go/connfx/adapter_http.go:260.68,262.3 1 0
github.com/eser/stack/apps/services/pkg/eser-go/connfx/adapter_http.go:268.3,269.69 1 0
github.com/eser/stack/apps/services/pkg/eser-go/connfx/adapter_http.go:269.69,271.3 1 0
github.com/eser/stack/apps/services/pkg/eser-go/connfx/adapter_http.go:276.62,278.2 1 0
github.com/eser/stack/apps/services/pkg/eser-go/connfx/adapter_http.go:280.67,282.2 1 0
github.com/eser/stack/apps/services/pkg/eser-go/connfx/adapter_http.go:284.47,286.2 1 0
github.com/eser/stack/apps/services/pkg/eser-go/connfx/adapter_http.go:288.53,292.2 2 0
github.com/eser/stack/apps/services/pkg/eser-go/connfx/adapter_http.go:296.17,306.16 5 0
github.com/eser/stack/apps/services/pkg/eser-go/connfx/adapter_http.go:306.16,313.3 5 0
github.com/eser/stack/apps/services/pkg/eser-go/connfx/adapter_http.go:315.2,315.15 1 0
github.com/eser/stack/apps/services/pkg/eser-go/connfx/adapter_http.go:315.15,317.3 1 0
github.com/eser/stack/apps/services/pkg/eser-go/connfx/adapter_http.go:320.2,323.15 3 0
github.com/eser/stack/apps/services/pkg/eser-go/connfx/adapter_http.go:326.59,329.73 2 0
github.com/eser/stack/apps/services/pkg/eser-go/connfx/adapter_http.go:329.73,331.3 1 0
github.com/eser/stack/apps/services/pkg/eser-go/connfx/adapter_http.go:333.2,333.12 1 0
github.com/eser/stack/apps/services/pkg/eser-go/connfx/adapter_http.go:336.49,338.2 1 0
github.com/eser/stack/apps/services/pkg/eser-go/connfx/adapter_http.go:343.57,345.2 1 0
github.com/eser/stack/apps/services/pkg/eser-go/connfx/adapter_http.go:348.59,350.2 1 0
github.com/eser/stack/apps/services/pkg/eser-go/connfx/adapter_http.go:353.46,355.2 1 0
github.com/eser/stack/apps/services/pkg/eser-go/connfx/adapter_http.go:358.57,363.2 3 0
github.com/eser/stack/apps/services/pkg/eser-go/connfx/adapter_http.go:366.58,367.75 1 0
github.com/eser/stack/apps/services/pkg/eser-go/connfx/adapter_http.go:367.75,369.3 1 0
github.com/eser/stack/apps/services/pkg/eser-go/connfx/adapter_http.go:371.2,371.18 1 0
github.com/eser/stack/apps/services/pkg/eser-go/connfx/adapter_http.go:380.26,383.16 2 0
github.com/eser/stack/apps/services/pkg/eser-go/connfx/adapter_http.go:383.16,384.21 1 0
github.com/eser/stack/apps/services/pkg/eser-go/connfx/adapter_http.go:384.21,386.4 1 0
github.com/eser/stack/apps/services/pkg/eser-go/connfx/adapter_http.go:388.3,388.14 1 0
github.com/eser/stack/apps/services/pkg/eser-go/connfx/adapter_http.go:391.2,396.26 3 0
github.com/eser/stack/apps/services/pkg/eser-go/connfx/adapter_http.go:397.11,398.63 1 0
github.com/eser/stack/apps/services/pkg/eser-go/connfx/adapter_http.go:399.14,400.80 1 0
github.com/eser/stack/apps/services/pkg/eser-go/connfx/adapter_http.go:401.14,402.78 1 0
github.com/eser/stack/apps/services/pkg/eser-go/connfx/adapter_http.go:403.17,404.61 1 0
github.com/eser/stack/apps/services/pkg/eser-go/connfx/adapter_http.go:405.10,406.65 1 0
github.com/eser/stack/apps/services/pkg/eser-go/connfx/adapter_http.go:409.2,409.16 1 0
github.com/eser/stack/apps/services/pkg/eser-go/connfx/adapter_http.go:409.16,411.3 1 0
github.com/eser/stack/apps/services/pkg/eser-go/connfx/adapter_http.go:414.2,414.30 1 0
github.com/eser/stack/apps/services/pkg/eser-go/connfx/adapter_http.go:414.30,416.3 1 0
github.com/eser/stack/apps/services/pkg/eser-go/connfx/adapter_http.go:418.2,418.17 1 0
github.com/eser/stack/apps/services/pkg/eser-go/connfx/adapter_http.go:421.97,424.16 2 0
github.com/eser/stack/apps/services/pkg/eser-go/connfx/adapter_http.go:424.16,426.3 1 0
github.com/eser/stack/apps/services/pkg/eser-go/connfx/adapter_http.go:429.2,429.30 1 0
github.com/eser/stack/apps/services/pkg/eser-go/connfx/adapter_http.go:429.30,431.3 1 0
github.com/eser/stack/apps/services/pkg/eser-go/connfx/adapter_http.go:434.2,435.16 2 0
github.com/eser/stack/apps/services/pkg/eser-go/connfx/adapter_http.go:435.16,437.3 1 0
github.com/eser/stack/apps/services/pkg/eser-go/connfx/adapter_http.go:439.2,439.18 1 0
github.com/eser/stack/apps/services/pkg/eser-go/connfx/adapter_http.go:447.3,449.52 1 0
github.com/eser/stack/apps/services/pkg/eser-go/connfx/adapter_http.go:449.52,450.65 1 0
github.com/eser/stack/apps/services/pkg/eser-go/connfx/adapter_http.go:450.65,454.4 2 0
github.com/eser/stack/apps/services/pkg/eser-go/connfx/adapter_http.go:458.2,458.58 1 0
github.com/eser/stack/apps/services/pkg/eser-go/connfx/adapter_http.go:462.92,464.34 2 0
github.com/eser/stack/apps/services/pkg/eser-go/connfx/adapter_http.go:464.34,466.3 1 0
github.com/eser/stack/apps/services/pkg/eser-go/connfx/adapter_http.go:468.2,468.15 1 0
github.com/eser/stack/apps/services/pkg/eser-go/connfx/adapter_http.go:468.15,470.3 1 0
github.com/eser/stack/apps/services/pkg/eser-go/connfx/adapter_http.go:473.2,481.15 4 0
github.com/eser/stack/apps/services/pkg/eser-go/connfx/adapter_http.go:484.89,486.16 2 0
github.com/eser/stack/apps/services/pkg/eser-go/connfx/adapter_http.go:486.16,488.3 1 0
github.com/eser/stack/apps/services/pkg/eser-go/connfx/adapter_http.go:490.2,490.30 1 0
github.com/eser/stack/apps/services/pkg/eser-go/connfx/adapter_http.go:490.30,492.3 1 0
github.com/eser/stack/apps/services/pkg/eser-go/connfx/adapter_http.go:494.2,495.16 2 0
github.com/eser/stack/apps/services/pkg/eser-go/connfx/adapter_http.go:495.16,497.3 1 0
github.com/eser/stack/apps/services/pkg/eser-go/connfx/adapter_http.go:499.2,499.18 1 0
github.com/eser/stack/apps/services/pkg/eser-go/connfx/adapter_http.go:506.3,507.9 1 0
github.com/eser/stack/apps/services/pkg/eser-go/connfx/adapter_http.go:508.45,516.4 3 0
github.com/eser/stack/apps/services/pkg/eser-go/connfx/adapter_http.go:517.48,525.4 3 0
github.com/eser/stack/apps/services/pkg/eser-go/connfx/adapter_http.go:526.51,534.4 3 0
github.com/eser/stack/apps/services/pkg/eser-go/connfx/adapter_http.go:535.45,543.4 3 0
github.com/eser/stack/apps/services/pkg/eser-go/connfx/adapter_http.go:544.10,548.90 3 0
github.com/eser/stack/apps/services/pkg/eser-go/connfx/adapter_otlp.go:68.71,72.2 1 1
github.com/eser/stack/apps/services/pkg/eser-go/connfx/adapter_otlp.go:77.23,79.20 2 0
github.com/eser/stack/apps/services/pkg/eser-go/connfx/adapter_otlp.go:79.20,81.3 1 0
github.com/eser/stack/apps/services/pkg/eser-go/connfx/adapter_otlp.go:84.2,104.35 4 0
github.com/eser/stack/apps/services/pkg/eser-go/connfx/adapter_otlp.go:104.35,106.3 1 0
github.com/eser/stack/apps/services/pkg/eser-go/connfx/adapter_otlp.go:108.2,108.18 1 0
github.com/eser/stack/apps/services/pkg/eser-go/connfx/adapter_otlp.go:111.54,113.2 1 1
github.com/eser/stack/apps/services/pkg/eser-go/connfx/adapter_otlp.go:117.62,122.2 1 0
github.com/eser/stack/apps/services/pkg/eser-go/connfx/adapter_otlp.go:124.67,131.2 1 0
github.com/eser/stack/apps/services/pkg/eser-go/connfx/adapter_otlp.go:133.47,135.2 1 0
github.com/eser/stack/apps/services/pkg/eser-go/connfx/adapter_otlp.go:137.53,139.2 1 0
github.com/eser/stack/apps/services/pkg/eser-go/connfx/adapter_otlp.go:141.73,156.16 5 0
github.com/eser/stack/apps/services/pkg/eser-go/connfx/adapter_otlp.go:156.16,163.3 5 0
github.com/eser/stack/apps/services/pkg/eser-go/connfx/adapter_otlp.go:166.2,172.15 5 0
github.com/eser/stack/apps/services/pkg/eser-go/connfx/adapter_otlp.go:175.59,177.26 1 0
github.com/eser/stack/apps/services/pkg/eser-go/connfx/adapter_otlp.go:177.26,179.17 2 0
github.com/eser/stack/apps/services/pkg/eser-go/connfx/adapter_otlp.go:179.17,181.4 1 0
github.com/eser/stack/apps/services/pkg/eser-go/connfx/adapter_otlp.go:184.2,184.29 1 0
github.com/eser/stack/apps/services/pkg/eser-go/connfx/adapter_otlp.go:184.29,186.17 2 0
github.com/eser/stack/apps/services/pkg/eser-go/connfx/adapter_otlp.go:186.17,188.4 1 0
github.com/eser/stack/apps/services/pkg/eser-go/connfx/adapter_otlp.go:191.2,191.28 1 0
github.com/eser/stack/apps/services/pkg/eser-go/connfx/adapter_otlp.go:191.28,193.17 2 0
github.com/eser/stack/apps/services/pkg/eser-go/connfx/adapter_otlp.go:193.17,195.4 1 0
github.com/eser/stack/apps/services/pkg/eser-go/connfx/adapter_otlp.go:198.2,203.12 3 0
github.com/eser/stack/apps/services/pkg/eser-go/connfx/adapter_otlp.go:206.49,208.2 1 0
github.com/eser/stack/apps/services/pkg/eser-go/connfx/adapter_otlp.go:211.65,213.2 1 0
github.com/eser/stack/apps/services/pkg/eser-go/connfx/adapter_otlp.go:216.71,218.2 1 0
github.com/eser/stack/apps/services/pkg/eser-go/connfx/adapter_otlp.go:221.65,223.2 1 0
github.com/eser/stack/apps/services/pkg/eser-go/connfx/adapter_otlp.go:229.36,231.2 1 0
github.com/eser/stack/apps/services/pkg/eser-go/connfx/adapter_otlp.go:233.73,237.16 3 0
github.com/eser/stack/apps/services/pkg/eser-go/connfx/adapter_otlp.go:237.16,239.3 1 0
github.com/eser/stack/apps/services/pkg/eser-go/connfx/adapter_otlp.go:241.2,242.16 2 0
github.com/eser/stack/apps/services/pkg/eser-go/connfx/adapter_otlp.go:242.16,244.3 1 0
github.com/eser/stack/apps/services/pkg/eser-go/connfx/adapter_otlp.go:246.2,247.16 2 0
github.com/eser/stack/apps/services/pkg/eser-go/connfx/adapter_otlp.go:247.16,249.3 1 0
github.com/eser/stack/apps/services/pkg/eser-go/connfx/adapter_otlp.go:251.2,251.12 1 0
github.com/eser/stack/apps/services/pkg/eser-go/connfx/adapter_otlp.go:254.96,259.16 2 0
github.com/eser/stack/apps/services/pkg/eser-go/connfx/adapter_otlp.go:259.16,261.3 1 0
github.com/eser/stack/apps/services/pkg/eser-go/connfx/adapter_otlp.go:263.2,264.16 2 0
github.com/eser/stack/apps/services/pkg/eser-go/connfx/adapter_otlp.go:264.16,266.3 1 0
github.com/eser/stack/apps/services/pkg/eser-go/connfx/adapter_otlp.go:268.2,268.22 1 0
github.com/eser/stack/apps/services/pkg/eser-go/connfx/adapter_otlp.go:273.37,278.16 2 0
github.com/eser/stack/apps/services/pkg/eser-go/connfx/adapter_otlp.go:278.16,280.3 1 0
github.com/eser/stack/apps/services/pkg/eser-go/connfx/adapter_otlp.go:282.2,283.16 2 0
github.com/eser/stack/apps/services/pkg/eser-go/connfx/adapter_otlp.go:283.16,285.3 1 0
github.com/eser/stack/apps/services/pkg/eser-go/connfx/adapter_otlp.go:287.2,287.22 1 0
github.com/eser/stack/apps/services/pkg/eser-go/connfx/adapter_otlp.go:290.96,295.16 2 0
github.com/eser/stack/apps/services/pkg/eser-go/connfx/adapter_otlp.go:295.16,297.3 1 0
github.com/eser/stack/apps/services/pkg/eser-go/connfx/adapter_otlp.go:299.2,300.16 2 0
github.com/eser/stack/apps/services/pkg/eser-go/connfx/adapter_otlp.go:300.16,302.3 1 0
github.com/eser/stack/apps/services/pkg/eser-go/connfx/adapter_otlp.go:304.2,304.22 1 0
github.com/eser/stack/apps/services/pkg/eser-go/connfx/adapter_otlp.go:307.82,314.16 2 0
github.com/eser/stack/apps/services/pkg/eser-go/connfx/adapter_otlp.go:314.16,316.3 1 0
github.com/eser/stack/apps/services/pkg/eser-go/connfx/adapter_otlp.go:319.2,320.16 2 0
github.com/eser/stack/apps/services/pkg/eser-go/connfx/adapter_otlp.go:320.16,322.3 1 0
github.com/eser/stack/apps/services/pkg/eser-go/connfx/adapter_otlp.go:325.2,325.15 1 0
github.com/eser/stack/apps/services/pkg/eser-go/connfx/adapter_otlp.go:325.15,327.3 1 0
github.com/eser/stack/apps/services/pkg/eser-go/connfx/adapter_otlp.go:329.2,329.36 1 0
github.com/eser/stack/apps/services/pkg/eser-go/connfx/adapter_otlp.go:332.80,333.16 1 0
github.com/eser/stack/apps/services/pkg/eser-go/connfx/adapter_otlp.go:333.16,335.3 1 0
github.com/eser/stack/apps/services/pkg/eser-go/connfx/adapter_otlp.go:337.2,337.30 1 0
github.com/eser/stack/apps/services/pkg/eser-go/connfx/adapter_otlp.go:337.30,338.63 1 0
github.com/eser/stack/apps/services/pkg/eser-go/connfx/adapter_otlp.go:338.63,340.4 1 0
github.com/eser/stack/apps/services/pkg/eser-go/connfx/adapter_otlp.go:343.2,343.13 1 0
github.com/eser/stack/apps/services/pkg/eser-go/connfx/adapter_otlp_resource.go:61.36,75.16 3 0
github.com/eser/stack/apps/services/pkg/eser-go/connfx/adapter_otlp_resource.go:75.16,77.3 1 0
github.com/eser/stack/apps/services/pkg/eser-go/connfx/adapter_otlp_resource.go:79.2,81.22 2 0
github.com/eser/stack/apps/services/pkg/eser-go/connfx/adapter_otlp_resource.go:85.67,87.2 1 0
github.com/eser/stack/apps/services/pkg/eser-go/connfx/adapter_otlp_resource.go:90.77,92.2 1 0
github.com/eser/stack/apps/services/pkg/eser-go/connfx/adapter_otlp_resource.go:95.78,97.2 1 0
github.com/eser/stack/apps/services/pkg/eser-go/connfx/adapter_otlp_resource.go:100.79,102.2 1 0
github.com/eser/stack/apps/services/pkg/eser-go/connfx/adapter_otlp_resource.go:104.67,105.29 1 0
github.com/eser/stack/apps/services/pkg/eser-go/connfx/adapter_otlp_resource.go:105.29,107.17 2 0
github.com/eser/stack/apps/services/pkg/eser-go/connfx/adapter_otlp_resource.go:107.17,109.4 1 0
github.com/eser/stack/apps/services/pkg/eser-go/connfx/adapter_otlp_resource.go:112.2,112.28 1 0
github.com/eser/stack/apps/services/pkg/eser-go/connfx/adapter_otlp_resource.go:112.28,114.17 2 0
github.com/eser/stack/apps/services/pkg/eser-go/connfx/adapter_otlp_resource.go:114.17,116.4 1 0
github.com/eser/stack/apps/services/pkg/eser-go/connfx/adapter_otlp_resource.go:119.2,119.29 1 0
github.com/eser/stack/apps/services/pkg/eser-go/connfx/adapter_otlp_resource.go:119.29,121.17 2 0
github.com/eser/stack/apps/services/pkg/eser-go/connfx/adapter_otlp_resource.go:121.17,123.4 1 0
github.com/eser/stack/apps/services/pkg/eser-go/connfx/adapter_otlp_resource.go:126.2,126.12 1 0
github.com/eser/stack/apps/services/pkg/eser-go/connfx/adapter_otlp_resource.go:133.9,144.16 4 0
github.com/eser/stack/apps/services/pkg/eser-go/connfx/adapter_otlp_resource.go:144.16,146.3 1 0
github.com/eser/stack/apps/services/pkg/eser-go/connfx/adapter_otlp_resource.go:148.2,150.12 2 0
github.com/eser/stack/apps/services/pkg/eser-go/connfx/adapter_otlp_resource.go:153.89,156.24 2 0
github.com/eser/stack/apps/services/pkg/eser-go/connfx/adapter_otlp_resource.go:156.24,163.3 2 0
github.com/eser/stack/apps/services/pkg/eser-go/connfx/adapter_otlp_resource.go:166.2,167.27 2 0
github.com/eser/stack/apps/services/pkg/eser-go/connfx/adapter_otlp_resource.go:167.27,177.3 2 0
github.com/eser/stack/apps/services/pkg/eser-go/connfx/adapter_otlp_resource.go:180.2,181.26 2 0
github.com/eser/stack/apps/services/pkg/eser-go/connfx/adapter_otlp_resource.go:181.26,193.3 2 0
github.com/eser/stack/apps/services/pkg/eser-go/connfx/adapter_pgx.go:43.69,47.2 1 1
github.com/eser/stack/apps/services/pkg/eser-go/connfx/adapter_pgx.go:52.23,55.16 2 0
github.com/eser/stack/apps/services/pkg/eser-go/connfx/adapter_pgx.go:55.16,63.3 1 0
github.com/eser/stack/apps/services/pkg/eser-go/connfx/adapter_pgx.go:66.2,73.16 4 0
github.com/eser/stack/apps/services/pkg/eser-go/connfx/adapter_pgx.go:73.16,80.3 1 0
github.com/eser/stack/apps/services/pkg/eser-go/connfx/adapter_pgx.go:83.2,84.20 2 0
github.com/eser/stack/apps/services/pkg/eser-go/connfx/adapter_pgx.go:84.20,88.3 2 0
github.com/eser/stack/apps/services/pkg/eser-go/connfx/adapter_pgx.go:90.2,104.18 3 0
github.com/eser/stack/apps/services/pkg/eser-go/connfx/adapter_pgx.go:107.53,109.2 1 1
github.com/eser/stack/apps/services/pkg/eser-go/connfx/adapter_pgx.go:113.61,115.2 1 0
github.com/eser/stack/apps/services/pkg/eser-go/connfx/adapter_pgx.go:117.66,122.2 1 0
github.com/eser/stack/apps/services/pkg/eser-go/connfx/adapter_pgx.go:124.46,126.2 1 0
github.com/eser/stack/apps/services/pkg/eser-go/connfx/adapter_pgx.go:128.52,132.2 2 0
github.com/eser/stack/apps/services/pkg/eser-go/connfx/adapter_pgx.go:134.72,141.19 3 0
github.com/eser/stack/apps/services/pkg/eser-go/connfx/adapter_pgx.go:141.19,149.3 6 0
github.com/eser/stack/apps/services/pkg/eser-go/connfx/adapter_pgx.go:152.2,155.16 3 0
github.com/eser/stack/apps/services/pkg/eser-go/connfx/adapter_pgx.go:155.16,162.3 5 0
github.com/eser/stack/apps/services/pkg/eser-go/connfx/adapter_pgx.go:165.2,171.15 4 0
github.com/eser/stack/apps/services/pkg/eser-go/connfx/adapter_pgx.go:174.58,178.54 2 0
github.com/eser/stack/apps/services/pkg/eser-go/connfx/adapter_pgx.go:178.54,182.3 2 0
github.com/eser/stack/apps/services/pkg/eser-go/connfx/adapter_pgx.go:185.2,187.12 2 0
github.com/eser/stack/apps/services/pkg/eser-go/connfx/adapter_pgx.go:190.48,192.2 1 0
github.com/eser/stack/apps/services/pkg/eser-go/connfx/adapter_pgx.go:197.49,199.2 1 0
github.com/eser/stack/apps/services/pkg/eser-go/connfx/adapter_pgx.go:202.47,204.2 1 0
github.com/eser/stack/apps/services/pkg/eser-go/connfx/adapter_pgx.go:207.81,209.16 2 0
github.com/eser/stack/apps/services/pkg/eser-go/connfx/adapter_pgx.go:209.16,211.3 1 0
github.com/eser/stack/apps/services/pkg/eser-go/connfx/adapter_pgx.go:213.2,213.18 1 0
github.com/eser/stack/apps/services/pkg/eser-go/connfx/adapter_pgx.go:217.95,219.16 2 0
github.com/eser/stack/apps/services/pkg/eser-go/connfx/adapter_pgx.go:219.16,221.3 1 0
github.com/eser/stack/apps/services/pkg/eser-go/connfx/adapter_pgx.go:223.2,223.25 1 0
github.com/eser/stack/apps/services/pkg/eser-go/connfx/adapter_pgx.go:231.9,233.16 2 0
github.com/eser/stack/apps/services/pkg/eser-go/connfx/adapter_pgx.go:233.16,235.3 1 0
github.com/eser/stack/apps/services/pkg/eser-go/connfx/adapter_pgx.go:237.2,237.15 1 0
github.com/eser/stack/apps/services/pkg/eser-go/connfx/adapter_pgx.go:237.15,238.31 1 0
github.com/eser/stack/apps/services/pkg/eser-go/connfx/adapter_pgx.go:238.31,241.12 2 0
github.com/eser/stack/apps/services/pkg/eser-go/connfx/adapter_pgx.go:245.2,246.18 2 0
github.com/eser/stack/apps/services/pkg/eser-go/connfx/adapter_pgx.go:246.18,248.19 2 0
github.com/eser/stack/apps/services/pkg/eser-go/connfx/adapter_pgx.go:248.19,250.4 1 0
github.com/eser/stack/apps/services/pkg/eser-go/connfx/adapter_pgx.go:252.3,252.15 1 0
github.com/eser/stack/apps/services/pkg/eser-go/connfx/adapter_pgx.go:255.2,256.22 2 0
github.com/eser/stack/apps/services/pkg/eser-go/connfx/adapter_pgx.go:256.22,258.3 1 0
github.com/eser/stack/apps/services/pkg/eser-go/connfx/adapter_pgx.go:260.2,260.12 1 0
github.com/eser/stack/apps/services/pkg/eser-go/connfx/adapter_pgx.go:268.30,269.26 1 0
github.com/eser/stack/apps/services/pkg/eser-go/connfx/adapter_pgx.go:269.26,271.3 1 0
github.com/eser/stack/apps/services/pkg/eser-go/connfx/adapter_pgx.go:273.2,274.16 2 0
github.com/eser/stack/apps/services/pkg/eser-go/connfx/adapter_pgx.go:274.16,276.3 1 0
github.com/eser/stack/apps/services/pkg/eser-go/connfx/adapter_pgx.go:278.2,278.17 1 0
github.com/eser/stack/apps/services/pkg/eser-go/connfx/adapter_pgx.go:282.95,283.26 1 0
github.com/eser/stack/apps/services/pkg/eser-go/connfx/adapter_pgx.go:283.26,285.3 1 0
github.com/eser/stack/apps/services/pkg/eser-go/connfx/adapter_pgx.go:287.2,288.16 2 0
github.com/eser/stack/apps/services/pkg/eser-go/connfx/adapter_pgx.go:288.16,290.3 1 0
github.com/eser/stack/apps/services/pkg/eser-go/connfx/adapter_pgx.go:292.2,292.18 1 0
github.com/eser/stack/apps/services/pkg/eser-go/connfx/adapter_pgx.go:296.88,297.26 1 0
github.com/eser/stack/apps/services/pkg/eser-go/connfx/adapter_pgx.go:297.26,299.3 1 0
github.com/eser/stack/apps/services/pkg/eser-go/connfx/adapter_pgx.go:301.2,301.43 1 0
github.com/eser/stack/apps/services/pkg/eser-go/connfx/adapter_pgx.go:305.91,307.2 1 0
github.com/eser/stack/apps/services/pkg/eser-go/connfx/adapter_pgx.go:315.18,317.16 2 0
github.com/eser/stack/apps/services/pkg/eser-go/connfx/adapter_pgx.go:317.16,319.3 1 0
github.com/eser/stack/apps/services/pkg/eser-go/connfx/adapter_pgx.go:321.2,321.24 1 0
github.com/eser/stack/apps/services/pkg/eser-go/connfx/adapter_pgx.go:325.87,327.57 1 0
github.com/eser/stack/apps/services/pkg/eser-go/connfx/adapter_pgx.go:327.57,329.3 1 0
github.com/eser/stack/apps/services/pkg/eser-go/connfx/adapter_pgx.go:331.2,332.16 2 0
github.com/eser/stack/apps/services/pkg/eser-go/connfx/adapter_pgx.go:332.16,334.3 1 0
github.com/eser/stack/apps/services/pkg/eser-go/connfx/adapter_pgx.go:335.2,338.16 3 0
github.com/eser/stack/apps/services/pkg/eser-go/connfx/adapter_pgx.go:338.16,340.3 1 0
github.com/eser/stack/apps/services/pkg/eser-go/connfx/adapter_pgx.go:342.2,344.12 2 0
github.com/eser/stack/apps/services/pkg/eser-go/connfx/adapter_pgx.go:348.100,353.2 3 0
github.com/eser/stack/apps/services/pkg/eser-go/connfx/adapter_pgx.go:356.96,358.16 2 0
github.com/eser/stack/apps/services/pkg/eser-go/connfx/adapter_pgx.go:358.16,360.3 1 0
github.com/eser/stack/apps/services/pkg/eser-go/connfx/adapter_pgx.go:361.2,364.16 3 0
github.com/eser/stack/apps/services/pkg/eser-go/connfx/adapter_pgx.go:364.16,366.3 1 0
github.com/eser/stack/apps/services/pkg/eser-go/connfx/adapter_pgx.go:368.2,368.26 1 0
github.com/eser/stack/apps/services/pkg/eser-go/connfx/adapter_pgx.go:372.75,374.16 2 0
github.com/eser/stack/apps/services/pkg/eser-go/connfx/adapter_pgx.go:374.16,376.3 1 0
github.com/eser/stack/apps/services/pkg/eser-go/connfx/adapter_pgx.go:377.2,380.16 3 0
github.com/eser/stack/apps/services/pkg/eser-go/connfx/adapter_pgx.go:380.16,382.3 1 0
github.com/eser/stack/apps/services/pkg/eser-go/connfx/adapter_pgx.go:384.2,384.12 1 0
github.com/eser/stack/apps/services/pkg/eser-go/connfx/adapter_pgx.go:388.77,390.16 2 0
github.com/eser/stack/apps/services/pkg/eser-go/connfx/adapter_pgx.go:390.16,392.3 1 0
github.com/eser/stack/apps/services/pkg/eser-go/connfx/adapter_pgx.go:393.2,396.16 3 0
github.com/eser/stack/apps/services/pkg/eser-go/connfx/adapter_pgx.go:396.16,398.3 1 0
github.com/eser/stack/apps/services/pkg/eser-go/connfx/adapter_pgx.go:400.2,400.12 1 0
github.com/eser/stack/apps/services/pkg/eser-go/connfx/adapter_pgx.go:404.63,421.2 2 0
github.com/eser/stack/apps/services/pkg/eser-go/connfx/adapter_pgx.go:423.96,425.29 1 0
github.com/eser/stack/apps/services/pkg/eser-go/connfx/adapter_pgx.go:425.29,427.3 1 0
github.com/eser/stack/apps/services/pkg/eser-go/connfx/adapter_pgx.go:427.8,429.3 1 0
github.com/eser/stack/apps/services/pkg/eser-go/connfx/adapter_pgx.go:431.2,431.29 1 0
github.com/eser/stack/apps/services/pkg/eser-go/connfx/adapter_pgx.go:431.29,433.3 1 0
github.com/eser/stack/apps/services/pkg/eser-go/connfx/adapter_pgx.go:433.8,435.3 1 0
github.com/eser/stack/apps/services/pkg/eser-go/connfx/adapter_pgx.go:438.2,438.32 1 0
github.com/eser/stack/apps/services/pkg/eser-go/connfx/adapter_pgx.go:438.32,440.3 1 0
github.com/eser/stack/apps/services/pkg/eser-go/connfx/adapter_pgx.go:440.8,442.3 1 0
github.com/eser/stack/apps/services/pkg/eser-go/connfx/adapter_pgx.go:444.2,444.32 1 0
github.com/eser/stack/apps/services/pkg/eser-go/connfx/adapter_pgx.go:444.32,446.3 1 0
github.com/eser/stack/apps/services/pkg/eser-go/connfx/adapter_pgx.go:446.8,450.3 2 0
github.com/eser/stack/apps/services/pkg/eser-go/connfx/adapter_pgx.go:453.2,453.48 1 0
github.com/eser/stack/apps/services/pkg/eser-go/connfx/adapter_pgx.go:456.88,470.2 2 0
github.com/eser/stack/apps/services/pkg/eser-go/connfx/adapter_pgx.go:472.93,478.9 5 0
github.com/eser/stack/apps/services/pkg/eser-go/connfx/adapter_pgx.go:479.23,483.54 3 0
github.com/eser/stack/apps/services/pkg/eser-go/connfx/adapter_pgx.go:484.67,495.4 3 0
github.com/eser/stack/apps/services/pkg/eser-go/connfx/adapter_pgx.go:496.46,507.4 3 0
github.com/eser/stack/apps/services/pkg/eser-go/connfx/adapter_pgx.go:508.10,519.4 3 0
github.com/eser/stack/apps/services/pkg/eser-go/connfx/adapter_redis.go:92.80,108.2 3 1
github.com/eser/stack/apps/services/pkg/eser-go/connfx/adapter_redis.go:111.64,116.2 1 0
github.com/eser/stack/apps/services/pkg/eser-go/connfx/adapter_redis.go:118.69,124.2 1 0
github.com/eser/stack/apps/services/pkg/eser-go/connfx/adapter_redis.go:126.49,128.2 1 0
github.com/eser/stack/apps/services/pkg/eser-go/connfx/adapter_redis.go:130.55,132.2 1 1
github.com/eser/stack/apps/services/pkg/eser-go/connfx/adapter_redis.go:134.75,147.22 4 1
github.com/eser/stack/apps/services/pkg/eser-go/connfx/adapter_redis.go:147.22,155.3 6 0
github.com/eser/stack/apps/services/pkg/eser-go/connfx/adapter_redis.go:158.2,161.16 3 1
github.com/eser/stack/apps/services/pkg/eser-go/connfx/adapter_redis.go:161.16,168.3 5 1
github.com/eser/stack/apps/services/pkg/eser-go/connfx/adapter_redis.go:170.2,170.20 1 0
github.com/eser/stack/apps/services/pkg/eser-go/connfx/adapter_redis.go:170.20,177.3 5 0
github.com/eser/stack/apps/services/pkg/eser-go/connfx/adapter_redis.go:180.2,180.48 1 0
github.com/eser/stack/apps/services/pkg/eser-go/connfx/adapter_redis.go:183.61,187.30 3 0
github.com/eser/stack/apps/services/pkg/eser-go/connfx/adapter_redis.go:187.30,189.17 2 0
github.com/eser/stack/apps/services/pkg/eser-go/connfx/adapter_redis.go:189.17,191.4 1 0
github.com/eser/stack/apps/services/pkg/eser-go/connfx/adapter_redis.go:193.3,193.26 1 0
github.com/eser/stack/apps/services/pkg/eser-go/connfx/adapter_redis.go:196.2,196.12 1 0
github.com/eser/stack/apps/services/pkg/eser-go/connfx/adapter_redis.go:199.51,201.2 1 0
github.com/eser/stack/apps/services/pkg/eser-go/connfx/adapter_redis.go:204.54,205.30 1 0
github.com/eser/stack/apps/services/pkg/eser-go/connfx/adapter_redis.go:205.30,210.3 1 0
github.com/eser/stack/apps/services/pkg/eser-go/connfx/adapter_redis.go:212.2,233.3 2 0
github.com/eser/stack/apps/services/pkg/eser-go/connfx/adapter_redis.go:237.54,239.2 1 0
github.com/eser/stack/apps/services/pkg/eser-go/connfx/adapter_redis.go:242.55,244.2 1 0
github.com/eser/stack/apps/services/pkg/eser-go/connfx/adapter_redis.go:247.49,248.30 1 2
github.com/eser/stack/apps/services/pkg/eser-go/connfx/adapter_redis.go:248.30,250.3 1 1
github.com/eser/stack/apps/services/pkg/eser-go/connfx/adapter_redis.go:252.2,271.34 2 1
github.com/eser/stack/apps/services/pkg/eser-go/connfx/adapter_redis.go:271.34,276.3 1 0
github.com/eser/stack/apps/services/pkg/eser-go/connfx/adapter_redis.go:278.2,279.19 2 1
github.com/eser/stack/apps/services/pkg/eser-go/connfx/adapter_redis.go:279.19,281.3 1 0
github.com/eser/stack/apps/services/pkg/eser-go/connfx/adapter_redis.go:283.2,285.12 2 1
github.com/eser/stack/apps/services/pkg/eser-go/connfx/adapter_redis.go:293.17,303.24 5 0
github.com/eser/stack/apps/services/pkg/eser-go/connfx/adapter_redis.go:303.24,316.3 5 0
github.com/eser/stack/apps/services/pkg/eser-go/connfx/adapter_redis.go:318.2,318.22 1 0
github.com/eser/stack/apps/services/pkg/eser-go/connfx/adapter_redis.go:318.22,326.3 5 0
github.com/eser/stack/apps/services/pkg/eser-go/connfx/adapter_redis.go:329.2,330.64 2 0
github.com/eser/stack/apps/services/pkg/eser-go/connfx/adapter_redis.go:330.64,342.3 4 0
github.com/eser/stack/apps/services/pkg/eser-go/connfx/adapter_redis.go:345.2,356.15 5 0
github.com/eser/stack/apps/services/pkg/eser-go/connfx/adapter_redis.go:369.29,370.22 1 0
github.com/eser/stack/apps/services/pkg/eser-go/connfx/adapter_redis.go:370.22,372.3 1 0
github.com/eser/stack/apps/services/pkg/eser-go/connfx/adapter_redis.go:374.2,381.19 5 0
github.com/eser/stack/apps/services/pkg/eser-go/connfx/adapter_redis.go:381.19,383.3 1 0
github.com/eser/stack/apps/services/pkg/eser-go/connfx/adapter_redis.go:383.8,385.3 1 0
github.com/eser/stack/apps/services/pkg/eser-go/connfx/adapter_redis.go:387.2,390.16 3 0
github.com/eser/stack/apps/services/pkg/eser-go/connfx/adapter_redis.go:390.16,397.3 1 0
github.com/eser/stack/apps/services/pkg/eser-go/connfx/adapter_redis.go:399.2,399.29 1 0
github.com/eser/stack/apps/services/pkg/eser-go/connfx/adapter_redis.go:402.78,403.22 1 0
github.com/eser/stack/apps/services/pkg/eser-go/connfx/adapter_redis.go:403.22,405.3 1 0
github.com/eser/stack/apps/services/pkg/eser-go/connfx/adapter_redis.go:407.2,408.16 2 0
github.com/eser/stack/apps/services/pkg/eser-go/connfx/adapter_redis.go:408.16,409.32 1 0
github.com/eser/stack/apps/services/pkg/eser-go/connfx/adapter_redis.go:409.32,411.4 1 0
github.com/eser/stack/apps/services/pkg/eser-go/connfx/adapter_redis.go:413.3,413.88 1 0
github.com/eser/stack/apps/services/pkg/eser-go/connfx/adapter_redis.go:416.2,416.27 1 0
github.com/eser/stack/apps/services/pkg/eser-go/connfx/adapter_redis.go:419.82,420.22 1 0
github.com/eser/stack/apps/services/pkg/eser-go/connfx/adapter_redis.go:420.22,422.3 1 0
github.com/eser/stack/apps/services/pkg/eser-go/connfx/adapter_redis.go:424.2,425.16 2 0
github.com/eser/stack/apps/services/pkg/eser-go/connfx/adapter_redis.go:425.16,427.3 1 0
github.com/eser/stack/apps/services/pkg/eser-go/connfx/adapter_redis.go:429.2,429.12 1 0
github.com/eser/stack/apps/services/pkg/eser-go/connfx/adapter_redis.go:432.75,433.22 1 0
github.com/eser/stack/apps/services/pkg/eser-go/connfx/adapter_redis.go:433.22,435.3 1 0
github.com/eser/stack/apps/services/pkg/eser-go/connfx/adapter_redis.go:437.2,438.16 2 0
github.com/eser/stack/apps/services/pkg/eser-go/connfx/adapter_redis.go:438.16,440.3 1 0
github.com/eser/stack/apps/services/pkg/eser-go/connfx/adapter_redis.go:442.2,442.12 1 0
github.com/eser/stack/apps/services/pkg/eser-go/connfx/adapter_redis.go:445.85,448.2 1 0
github.com/eser/stack/apps/services/pkg/eser-go/connfx/adapter_redis.go:450.79,451.22 1 0
github.com/eser/stack/apps/services/pkg/eser-go/connfx/adapter_redis.go:451.22,453.3 1 0
github.com/eser/stack/apps/services/pkg/eser-go/connfx/adapter_redis.go:455.2,456.16 2 0
github.com/eser/stack/apps/services/pkg/eser-go/connfx/adapter_redis.go:456.16,458.3 1 0
github.com/eser/stack/apps/services/pkg/eser-go/connfx/adapter_redis.go:460.2,460.23 1 0
github.com/eser/stack/apps/services/pkg/eser-go/connfx/adapter_redis.go:469.9,470.22 1 0
github.com/eser/stack/apps/services/pkg/eser-go/connfx/adapter_redis.go:470.22,472.3 1 0
github.com/eser/stack/apps/services/pkg/eser-go/connfx/adapter_redis.go:474.2,475.16 2 0
github.com/eser/stack/apps/services/pkg/eser-go/connfx/adapter_redis.go:475.16,482.3 1 0
github.com/eser/stack/apps/services/pkg/eser-go/connfx/adapter_redis.go:484.2,484.12 1 0
github.com/eser/stack/apps/services/pkg/eser-go/connfx/adapter_redis.go:487.88,488.22 1 0
github.com/eser/stack/apps/services/pkg/eser-go/connfx/adapter_redis.go:488.22,490.3 1 0
github.com/eser/stack/apps/services/pkg/eser-go/connfx/adapter_redis.go:492.2,493.16 2 0
github.com/eser/stack/apps/services/pkg/eser-go/connfx/adapter_redis.go:493.16,495.3 1 0
github.com/eser/stack/apps/services/pkg/eser-go/connfx/adapter_redis.go:497.2,497.17 1 0
github.com/eser/stack/apps/services/pkg/eser-go/connfx/adapter_redis.go:500.97,501.22 1 0
github.com/eser/stack/apps/services/pkg/eser-go/connfx/adapter_redis.go:501.22,503.3 1 0
github.com/eser/stack/apps/services/pkg/eser-go/connfx/adapter_redis.go:505.2,506.16 2 0
github.com/eser/stack/apps/services/pkg/eser-go/connfx/adapter_redis.go:506.16,508.3 1 0
github.com/eser/stack/apps/services/pkg/eser-go/connfx/adapter_redis.go:510.2,510.12 1 0
github.com/eser/stack/apps/services/pkg/eser-go/connfx/adapter_redis.go:513.61,514.22 1 0
github.com/eser/stack/apps/services/pkg/eser-go/connfx/adapter_redis.go:514.22,516.3 1 0
github.com/eser/stack/apps/services/pkg/eser-go/connfx/adapter_redis.go:518.2,519.16 2 0
github.com/eser/stack/apps/services/pkg/eser-go/connfx/adapter_redis.go:519.16,521.3 1 0
github.com/eser/stack/apps/services/pkg/eser-go/connfx/adapter_redis.go:523.2,523.12 1 0
github.com/eser/stack/apps/services/pkg/eser-go/connfx/adapter_redis.go:533.9,541.2 4 0
github.com/eser/stack/apps/services/pkg/eser-go/connfx/adapter_redis.go:549.20,550.22 1 0
github.com/eser/stack/apps/services/pkg/eser-go/connfx/adapter_redis.go:550.22,552.3 1 0
github.com/eser/stack/apps/services/pkg/eser-go/connfx/adapter_redis.go:555.2,556.16 2 0
github.com/eser/stack/apps/services/pkg/eser-go/connfx/adapter_redis.go:556.16,558.3 1 0
github.com/eser/stack/apps/services/pkg/eser-go/connfx/adapter_redis.go:561.2,561.25 1 0
github.com/eser/stack/apps/services/pkg/eser-go/connfx/adapter_redis.go:561.25,565.3 1 0
github.com/eser/stack/apps/services/pkg/eser-go/connfx/adapter_redis.go:567.2,567.25 1 0
github.com/eser/stack/apps/services/pkg/eser-go/connfx/adapter_redis.go:571.58,577.2 2 0
github.com/eser/stack/apps/services/pkg/eser-go/connfx/adapter_redis.go:580.48,582.2 1 0
github.com/eser/stack/apps/services/pkg/eser-go/connfx/adapter_redis.go:585.88,586.22 1 0
github.com/eser/stack/apps/services/pkg/eser-go/connfx/adapter_redis.go:586.22,588.3 1 0
github.com/eser/stack/apps/services/pkg/eser-go/connfx/adapter_redis.go:593.2,593.18 1 0
github.com/eser/stack/apps/services/pkg/eser-go/connfx/adapter_redis.go:600.19,601.22 1 0
github.com/eser/stack/apps/services/pkg/eser-go/connfx/adapter_redis.go:601.22,603.3 1 0
github.com/eser/stack/apps/services/pkg/eser-go/connfx/adapter_redis.go:606.2,606.26 1 0
github.com/eser/stack/apps/services/pkg/eser-go/connfx/adapter_redis.go:606.26,608.47 2 0
github.com/eser/stack/apps/services/pkg/eser-go/connfx/adapter_redis.go:608.47,610.4 1 0
github.com/eser/stack/apps/services/pkg/eser-go/connfx/adapter_redis.go:613.2,613.18 1 0
github.com/eser/stack/apps/services/pkg/eser-go/connfx/adapter_redis.go:616.91,618.2 1 0
github.com/eser/stack/apps/services/pkg/eser-go/connfx/adapter_redis.go:625.9,626.22 1 0
github.com/eser/stack/apps/services/pkg/eser-go/connfx/adapter_redis.go:626.22,628.3 1 0
github.com/eser/stack/apps/services/pkg/eser-go/connfx/adapter_redis.go:630.2,635.20 2 0
github.com/eser/stack/apps/services/pkg/eser-go/connfx/adapter_redis.go:635.20,637.3 1 0
github.com/eser/stack/apps/services/pkg/eser-go/connfx/adapter_redis.go:639.2,645.16 3 0
github.com/eser/stack/apps/services/pkg/eser-go/connfx/adapter_redis.go:645.16,647.3 1 0
github.com/eser/stack/apps/services/pkg/eser-go/connfx/adapter_redis.go:649.2,649.12 1 0
github.com/eser/stack/apps/services/pkg/eser-go/connfx/adapter_redis.go:656.34,660.12 3 0
github.com/eser/stack/apps/services/pkg/eser-go/connfx/adapter_redis.go:660.12,665.3 3 0
github.com/eser/stack/apps/services/pkg/eser-go/connfx/adapter_redis.go:667.2,667.25 1 0
github.com/eser/stack/apps/services/pkg/eser-go/connfx/adapter_redis.go:676.34,680.12 3 0
github.com/eser/stack/apps/services/pkg/eser-go/connfx/adapter_redis.go:680.12,685.3 3 0
github.com/eser/stack/apps/services/pkg/eser-go/connfx/adapter_redis.go:687.2,687.25 1 0
github.com/eser/stack/apps/services/pkg/eser-go/connfx/adapter_redis.go:698.22,699.22 1 0
github.com/eser/stack/apps/services/pkg/eser-go/connfx/adapter_redis.go:699.22,701.3 1 0
github.com/eser/stack/apps/services/pkg/eser-go/connfx/adapter_redis.go:704.2,705.16 2 0
github.com/eser/stack/apps/services/pkg/eser-go/connfx/adapter_redis.go:705.16,707.3 1 0
github.com/eser/stack/apps/services/pkg/eser-go/connfx/adapter_redis.go:709.2,709.27 1 0
github.com/eser/stack/apps/services/pkg/eser-go/connfx/adapter_redis.go:709.27,711.3 1 0
github.com/eser/stack/apps/services/pkg/eser-go/connfx/adapter_redis.go:714.2,714.96 1 0
github.com/eser/stack/apps/services/pkg/eser-go/connfx/adapter_redis.go:721.9,722.22 1 0
github.com/eser/stack/apps/services/pkg/eser-go/connfx/adapter_redis.go:722.22,724.3 1 0
github.com/eser/stack/apps/services/pkg/eser-go/connfx/adapter_redis.go:726.2,728.65 2 0
github.com/eser/stack/apps/services/pkg/eser-go/connfx/adapter_redis.go:728.65,736.3 1 0
github.com/eser/stack/apps/services/pkg/eser-go/connfx/adapter_redis.go:738.2,738.12 1 0
github.com/eser/stack/apps/services/pkg/eser-go/connfx/adapter_redis.go:741.96,742.22 1 0
github.com/eser/stack/apps/services/pkg/eser-go/connfx/adapter_redis.go:742.22,744.3 1 0
github.com/eser/stack/apps/services/pkg/eser-go/connfx/adapter_redis.go:746.2,747.16 2 0
github.com/eser/stack/apps/services/pkg/eser-go/connfx/adapter_redis.go:747.16,754.3 1 0
github.com/eser/stack/apps/services/pkg/eser-go/connfx/adapter_redis.go:756.2,771.37 2 0
github.com/eser/stack/apps/services/pkg/eser-go/connfx/adapter_redis.go:771.37,776.3 1 0
github.com/eser/stack/apps/services/pkg/eser-go/connfx/adapter_redis.go:778.2,778.36 1 0
github.com/eser/stack/apps/services/pkg/eser-go/connfx/adapter_redis.go:778.36,783.3 1 0
github.com/eser/stack/apps/services/pkg/eser-go/connfx/adapter_redis.go:785.2,785.24 1 0
github.com/eser/stack/apps/services/pkg/eser-go/connfx/adapter_redis.go:791.32,792.22 1 0
github.com/eser/stack/apps/services/pkg/eser-go/connfx/adapter_redis.go:792.22,794.3 1 0
github.com/eser/stack/apps/services/pkg/eser-go/connfx/adapter_redis.go:796.2,797.16 2 0
github.com/eser/stack/apps/services/pkg/eser-go/connfx/adapter_redis.go:797.16,804.3 1 0
github.com/eser/stack/apps/services/pkg/eser-go/connfx/adapter_redis.go:806.2,807.31 2 0
github.com/eser/stack/apps/services/pkg/eser-go/connfx/adapter_redis.go:807.31,816.3 1 0
github.com/eser/stack/apps/services/pkg/eser-go/connfx/adapter_redis.go:818.2,818.24 1 0
github.com/eser/stack/apps/services/pkg/eser-go/connfx/adapter_redis.go:821.96,822.22 1 0
github.com/eser/stack/apps/services/pkg/eser-go/connfx/adapter_redis.go:822.22,824.3 1 0
github.com/eser/stack/apps/services/pkg/eser-go/connfx/adapter_redis.go:826.2,827.16 2 0
github.com/eser/stack/apps/services/pkg/eser-go/connfx/adapter_redis.go:827.16,835.3 1 0
github.com/eser/stack/apps/services/pkg/eser-go/connfx/adapter_redis.go:837.2,837.12 1 0
github.com/eser/stack/apps/services/pkg/eser-go/connfx/adapter_redis.go:843.9,844.22 1 0
github.com/eser/stack/apps/services/pkg/eser-go/connfx/adapter_redis.go:844.22,846.3 1 0
github.com/eser/stack/apps/services/pkg/eser-go/connfx/adapter_redis.go:848.2,849.46 2 0
github.com/eser/stack/apps/services/pkg/eser-go/connfx/adapter_redis.go:849.46,858.3 1 0
github.com/eser/stack/apps/services/pkg/eser-go/connfx/adapter_redis.go:860.2,860.12 1 0
github.com/eser/stack/apps/services/pkg/eser-go/connfx/adapter_redis.go:869.9,870.22 1 0
github.com/eser/stack/apps/services/pkg/eser-go/connfx/adapter_redis.go:870.22,872.3 1 0
github.com/eser/stack/apps/services/pkg/eser-go/connfx/adapter_redis.go:875.2,876.46 2 0
github.com/eser/stack/apps/services/pkg/eser-go/connfx/adapter_redis.go:876.46,885.3 1 0
github.com/eser/stack/apps/services/pkg/eser-go/connfx/adapter_redis.go:887.2,887.12 1 0
github.com/eser/stack/apps/services/pkg/eser-go/connfx/adapter_redis.go:901.3,902.6 1 0
github.com/eser/stack/apps/services/pkg/eser-go/connfx/adapter_redis.go:902.6,903.10 1 0
github.com/eser/stack/apps/services/pkg/eser-go/connfx/adapter_redis.go:904.21,905.10 1 0
github.com/eser/stack/apps/services/pkg/eser-go/connfx/adapter_redis.go:906.11,916.18 2 0
github.com/eser/stack/apps/services/pkg/eser-go/connfx/adapter_redis.go:916.18,917.12 1 0
github.com/eser/stack/apps/services/pkg/eser-go/connfx/adapter_redis.go:918.24,918.24 0 0
github.com/eser/stack/apps/services/pkg/eser-go/connfx/adapter_redis.go:919.23,920.12 1 0
github.com/eser/stack/apps/services/pkg/eser-go/connfx/adapter_redis.go:938.9,939.22 1 0
github.com/eser/stack/apps/services/pkg/eser-go/connfx/adapter_redis.go:939.22,941.3 1 0
github.com/eser/stack/apps/services/pkg/eser-go/connfx/adapter_redis.go:944.2,945.16 2 0
github.com/eser/stack/apps/services/pkg/eser-go/connfx/adapter_redis.go:945.16,947.3 1 0
github.com/eser/stack/apps/services/pkg/eser-go/connfx/adapter_redis.go:950.2,952.12 2 0
github.com/eser/stack/apps/services/pkg/eser-go/connfx/adapter_redis.go:964.28,969.47 3 0
github.com/eser/stack/apps/services/pkg/eser-go/connfx/adapter_redis.go:969.47,971.3 1 0
github.com/eser/stack/apps/services/pkg/eser-go/connfx/adapter_redis.go:971.8,973.3 1 0
github.com/eser/stack/apps/services/pkg/eser-go/connfx/adapter_redis.go:975.2,975.16 1 0
github.com/eser/stack/apps/services/pkg/eser-go/connfx/adapter_redis.go:975.16,977.45 1 0
github.com/eser/stack/apps/services/pkg/eser-go/connfx/adapter_redis.go:977.45,980.4 1 0
github.com/eser/stack/apps/services/pkg/eser-go/connfx/adapter_redis.go:982.3,988.4 1 0
github.com/eser/stack/apps/services/pkg/eser-go/connfx/adapter_redis.go:991.2,991.21 1 0
github.com/eser/stack/apps/services/pkg/eser-go/connfx/adapter_redis.go:1003.28,1013.16 3 0
github.com/eser/stack/apps/services/pkg/eser-go/connfx/adapter_redis.go:1013.16,1015.3 1 0
github.com/eser/stack/apps/services/pkg/eser-go/connfx/adapter_redis.go:1017.2,1017.21 1 0
github.com/eser/stack/apps/services/pkg/eser-go/connfx/adapter_redis.go:1027.28,1035.16 3 0
github.com/eser/stack/apps/services/pkg/eser-go/connfx/adapter_redis.go:1035.16,1037.3 1 0
github.com/eser/stack/apps/services/pkg/eser-go/connfx/adapter_redis.go:1039.2,1039.21 1 0
github.com/eser/stack/apps/services/pkg/eser-go/connfx/adapter_redis.go:1051.3,1052.33 1 0
github.com/eser/stack/apps/services/pkg/eser-go/connfx/adapter_redis.go:1052.33,1053.39 1 0
github.com/eser/stack/apps/services/pkg/eser-go/connfx/adapter_redis.go:1053.39,1056.11 2 0
github.com/eser/stack/apps/services/pkg/eser-go/connfx/adapter_redis.go:1057.29,1057.29 0 0
github.com/eser/stack/apps/services/pkg/eser-go/connfx/adapter_redis.go:1058.22,1059.11 1 0
github.com/eser/stack/apps/services/pkg/eser-go/connfx/adapter_redis.go:1071.11,1074.51 2 0
github.com/eser/stack/apps/services/pkg/eser-go/connfx/adapter_redis.go:1074.51,1076.3 1 0
github.com/eser/stack/apps/services/pkg/eser-go/connfx/adapter_redis.go:1079.2,1081.33 2 0
github.com/eser/stack/apps/services/pkg/eser-go/connfx/adapter_redis.go:1081.33,1082.18 1 0
github.com/eser/stack/apps/services/pkg/eser-go/connfx/adapter_redis.go:1082.18,1084.4 1 0
github.com/eser/stack/apps/services/pkg/eser-go/connfx/adapter_redis.go:1087.2,1098.25 2 0
github.com/eser/stack/apps/services/pkg/eser-go/connfx/adapter_redis.go:1098.25,1099.31 1 0
github.com/eser/stack/apps/services/pkg/eser-go/connfx/adapter_redis.go:1099.31,1101.4 1 0
github.com/eser/stack/apps/services/pkg/eser-go/connfx/adapter_redis.go:1102.3,1102.44 1 0
github.com/eser/stack/apps/services/pkg/eser-go/connfx/adapter_redis.go:1102.44,1105.16 1 0
github.com/eser/stack/apps/services/pkg/eser-go/connfx/adapter_redis.go:1105.16,1108.5 1 0
github.com/eser/stack/apps/services/pkg/eser-go/connfx/adapter_redis.go:1110.4,1110.14 1 0
github.com/eser/stack/apps/services/pkg/eser-go/connfx/adapter_redis.go:1112.8,1114.31 1 0
github.com/eser/stack/apps/services/pkg/eser-go/connfx/adapter_redis.go:1114.31,1114.45 1 0
github.com/eser/stack/apps/services/pkg/eser-go/connfx/adapter_redis.go:1115.3,1115.44 1 0
github.com/eser/stack/apps/services/pkg/eser-go/connfx/adapter_redis.go:1115.44,1115.58 1 0
github.com/eser/stack/apps/services/pkg/eser-go/connfx/adapter_redis.go:1118.2,1118.12 1 0
github.com/eser/stack/apps/services/pkg/eser-go/connfx/adapter_redis.go:1122.61,1125.27 2 0
github.com/eser/stack/apps/services/pkg/eser-go/connfx/adapter_redis.go:1125.27,1126.32 1 0
github.com/eser/stack/apps/services/pkg/eser-go/connfx/adapter_redis.go:1126.32,1128.4 1 0
github.com/eser/stack/apps/services/pkg/eser-go/connfx/adapter_redis.go:1128.9,1130.4 1 0
github.com/eser/stack/apps/services/pkg/eser-go/connfx/adapter_redis.go:1133.2,1133.15 1 0
[...]
github.com/eser/stack/apps/services/pkg/eser-go/workerfx/runner.go:96.21,100.14 2 0
github.com/eser/stack/apps/services/pkg/eser-go/workerfx/runner.go:101.22,102.24 1 0
github.com/eser/stack/apps/services/pkg/eser-go/workerfx/runner.go:103.19,104.24 1 0
github.com/eser/stack/apps/services/pkg/eser-go/workerfx/runner.go:110.40,115.2 3 0
github.com/eser/stack/apps/services/pkg/eser-go/workerfx/runner.go:118.53,125.15 5 0
github.com/eser/stack/apps/services/pkg/eser-go/workerfx/runner.go:125.15,134.35 7 0
github.com/eser/stack/apps/services/pkg/eser-go/workerfx/runner.go:134.35,146.4 6 0
github.com/eser/stack/apps/services/pkg/eser-go/workerfx/runner.go:149.2,154.9 4 0
github.com/eser/stack/apps/services/pkg/eser-go/workerfx/runner.go:155.24,157.27 2 0
github.com/eser/stack/apps/services/pkg/eser-go/workerfx/runner.go:158.18,160.24 2 0
github.com/eser/stack/apps/services/pkg/eser-go/workerfx/runner.go:161.10,163.26 2 0
github.com/eser/stack/apps/services/pkg/eser-go/workerfx/runner.go:166.2,168.9 2 0
github.com/eser/stack/apps/services/pkg/eser-go/workerfx/runner.go:169.24,172.40 1 0
github.com/eser/stack/apps/services/pkg/eser-go/workerfx/runner.go:173.18,177.27 1 0
github.com/eser/stack/apps/services/pkg/eser-go/workerfx/runner.go:178.10,181.40 1 0
github.com/eser/stack/apps/services/pkg/api/adapters/appcontext/appcontext.go:27.52,39.16 4 0
github.com/eser/stack/apps/services/pkg/api/adapters/appcontext/appcontext.go:39.16,41.3 1 0
github.com/eser/stack/apps/services/pkg/api/adapters/appcontext/appcontext.go:44.2,57.67 6 0
github.com/eser/stack/apps/services/pkg/api/adapters/appcontext/appcontext.go:57.67,59.3 1 0
github.com/eser/stack/apps/services/pkg/api/adapters/appcontext/appcontext.go:64.2,66.81 2 0
github.com/eser/stack/apps/services/pkg/api/adapters/appcontext/appcontext.go:66.81,68.22 2 0
github.com/eser/stack/apps/services/pkg/api/adapters/appcontext/appcontext.go:68.22,70.4 1 0
github.com/eser/stack/apps/services/pkg/api/adapters/appcontext/appcontext.go:72.3,75.13 3 0
github.com/eser/stack/apps/services/pkg/api/adapters/appcontext/appcontext.go:78.2,90.8 2 0
github.com/eser/stack/apps/services/pkg/eser-go/clockfx/clock.go:15.34,17.2 1 0
github.com/eser/stack/apps/services/pkg/eser-go/clockfx/clock.go:20.27,22.2 1 0
github.com/eser/stack/apps/services/pkg/eser-go/processfx/heartbeat.go:44.79,49.2 1 0
github.com/eser/stack/apps/services/pkg/eser-go/processfx/heartbeat.go:51.53,58.2 1 0
github.com/eser/stack/apps/services/pkg/eser-go/processfx/heartbeat.go:60.87,67.2 1 0
github.com/eser/stack/apps/services/pkg/eser-go/processfx/heartbeat.go:69.82,70.9 1 0
github.com/eser/stack/apps/services/pkg/eser-go/processfx/heartbeat.go:71.18,72.13 1 0
github.com/eser/stack/apps/services/pkg/eser-go/processfx/heartbeat.go:73.20,74.62 1 0
github.com/eser/stack/apps/services/pkg/eser-go/processfx/heartbeat.go:75.10,78.13 1 0
github.com/eser/stack/apps/services/pkg/eser-go/processfx/heartbeat.go:85.80,85.94 1 0
github.com/eser/stack/apps/services/pkg/eser-go/processfx/heartbeat.go:86.81,86.82 0 0
github.com/eser/stack/apps/services/pkg/eser-go/processfx/heartbeat.go:87.81,87.82 0 0
github.com/eser/stack/apps/services/pkg/eser-go/processfx/heartbeat.go:93.84,95.2 1 0
github.com/eser/stack/apps/services/pkg/eser-go/processfx/heartbeat.go:99.64,100.70 1 0
github.com/eser/stack/apps/services/pkg/eser-go/processfx/heartbeat.go:100.70,102.3 1 0
github.com/eser/stack/apps/services/pkg/eser-go/processfx/heartbeat.go:104.2,104.30 1 0
github.com/eser/stack/apps/services/pkg/eser-go/processfx/process.go:34.66,42.12 4 0
github.com/eser/stack/apps/services/pkg/eser-go/processfx/process.go:42.12,44.20 2 0
github.com/eser/stack/apps/services/pkg/eser-go/processfx/process.go:44.20,51.4 1 0
github.com/eser/stack/apps/services/pkg/eser-go/processfx/process.go:53.3,53.11 1 0
github.com/eser/stack/apps/services/pkg/eser-go/processfx/process.go:56.2,67.3 1 0
github.com/eser/stack/apps/services/pkg/eser-go/processfx/process.go:73.3,77.15 3 0
github.com/eser/stack/apps/services/pkg/eser-go/processfx/process.go:77.15,78.22 1 0
github.com/eser/stack/apps/services/pkg/eser-go/processfx/process.go:78.22,80.4 1 0
github.com/eser/stack/apps/services/pkg/eser-go/processfx/process.go:82.3,85.38 2 0
github.com/eser/stack/apps/services/pkg/eser-go/processfx/process.go:85.38,86.23 1 0
github.com/eser/stack/apps/services/pkg/eser-go/processfx/process.go:86.23,88.5 1 0
github.com/eser/stack/apps/services/pkg/eser-go/processfx/process.go:91.3,91.22 1 0
github.com/eser/stack/apps/services/pkg/eser-go/processfx/process.go:91.22,93.4 1 0
github.com/eser/stack/apps/services/pkg/eser-go/processfx/process.go:97.26,101.21 2 0
github.com/eser/stack/apps/services/pkg/eser-go/processfx/process.go:101.21,103.3 1 0
github.com/eser/stack/apps/services/pkg/eser-go/processfx/process.go:105.2,105.21 1 0
github.com/eser/stack/apps/services/pkg/eser-go/processfx/process.go:105.21,108.3 2 0
github.com/eser/stack/apps/services/pkg/eser-go/processfx/process.go:111.30,118.12 4 0
github.com/eser/stack/apps/services/pkg/eser-go/processfx/process.go:118.12,119.35 1 0
github.com/eser/stack/apps/services/pkg/eser-go/processfx/process.go:119.35,121.4 1 0
github.com/eser/stack/apps/services/pkg/eser-go/processfx/process.go:123.3,123.26 1 0
github.com/eser/stack/apps/services/pkg/eser-go/processfx/process.go:126.2,126.9 1 0
github.com/eser/stack/apps/services/pkg/eser-go/processfx/process.go:127.26,128.22 1 0
github.com/eser/stack/apps/services/pkg/eser-go/processfx/process.go:128.22,130.4 1 0
github.com/eser/stack/apps/services/pkg/eser-go/processfx/process.go:132.28,133.22 1 0
github.com/eser/stack/apps/services/pkg/eser-go/processfx/process.go:133.22,138.4 1 0
github.com/eser/stack/apps/services/pkg/eser-go/processfx/process.go:141.2,141.21 1 0
github.com/eser/stack/apps/services/pkg/eser-go/processfx/process.go:141.21,143.3 1 0
github.com/eser/stack/apps/services/pkg/eser-go/processfx/registry.go:15.50,20.2 1 0
github.com/eser/stack/apps/services/pkg/eser-go/processfx/registry.go:23.63,28.2 3 0
github.com/eser/stack/apps/services/pkg/eser-go/processfx/registry.go:31.54,36.2 3 0
github.com/eser/stack/apps/services/pkg/eser-go/processfx/registry.go:39.59,44.2 3 0
github.com/eser/stack/apps/services/pkg/eser-go/processfx/registry.go:48.59,56.2 5 0
github.com/eser/stack/apps/services/pkg/eser-go/processfx/registry.go:59.68,64.46 4 0
github.com/eser/stack/apps/services/pkg/eser-go/processfx/registry.go:64.46,66.3 1 0
github.com/eser/stack/apps/services/pkg/eser-go/processfx/registry.go:68.2,68.15 1 0
github.com/eser/stack/apps/services/pkg/eser-go/processfx/registry.go:72.47,76.43 3 0
github.com/eser/stack/apps/services/pkg/eser-go/processfx/registry.go:76.43,77.30 1 0
github.com/eser/stack/apps/services/pkg/eser-go/processfx/registry.go:77.30,79.4 1 0
github.com/eser/stack/apps/services/pkg/eser-go/processfx/registry.go:82.2,82.13 1 0
github.com/eser/stack/apps/services/pkg/eser-go/processfx/registry.go:97.54,111.46 4 0
github.com/eser/stack/apps/services/pkg/eser-go/processfx/registry.go:111.46,115.23 3 0
github.com/eser/stack/apps/services/pkg/eser-go/processfx/registry.go:116.44,117.21 1 0
github.com/eser/stack/apps/services/pkg/eser-go/processfx/registry.go:118.25,120.29 2 0
github.com/eser/stack/apps/services/pkg/eser-go/processfx/registry.go:121.30,122.24 1 0
github.com/eser/stack/apps/services/pkg/eser-go/processfx/registry.go:123.26,125.29 2 0
github.com/eser/stack/apps/services/pkg/eser-go/processfx/registry.go:129.2,129.16 1 0
github.com/eser/stack/apps/services/pkg/eser-go/processfx/registry.go:133.42,138.2 3 0
github.com/eser/stack/apps/services/pkg/eser-go/processfx/supervised.go:56.66,65.2 1 0
github.com/eser/stack/apps/services/pkg/eser-go/processfx/supervised.go:68.50,69.18 1 0
github.com/eser/stack/apps/services/pkg/eser-go/processfx/supervised.go:69.18,71.3 1 0
github.com/eser/stack/apps/services/pkg/eser-go/processfx/supervised.go:73.2,73.29 1 0
github.com/eser/stack/apps/services/pkg/eser-go/processfx/supervised.go:73.29,75.3 1 0
github.com/eser/stack/apps/services/pkg/eser-go/processfx/supervised.go:77.2,77.23 1 0
github.com/eser/stack/apps/services/pkg/eser-go/processfx/supervised.go:77.23,79.3 1 0
github.com/eser/stack/apps/services/pkg/eser-go/processfx/supervised.go:81.2,81.27 1 0
github.com/eser/stack/apps/services/pkg/eser-go/processfx/supervised.go:81.27,83.3 1 0
github.com/eser/stack/apps/services/pkg/eser-go/processfx/supervised.go:85.2,85.37 1 0
github.com/eser/stack/apps/services/pkg/eser-go/processfx/supervised.go:85.37,87.3 1 0
github.com/eser/stack/apps/services/pkg/eser-go/processfx/supervised.go:89.2,89.31 1 0
github.com/eser/stack/apps/services/pkg/eser-go/processfx/supervised.go:89.31,91.3 1 0
github.com/eser/stack/apps/services/pkg/eser-go/processfx/supervised.go:93.2,93.12 1 0
github.com/eser/stack/apps/services/pkg/eser-go/processfx/supervised.go:113.38,114.11 1 0
github.com/eser/stack/apps/services/pkg/eser-go/processfx/supervised.go:115.23,116.16 1 0
github.com/eser/stack/apps/services/pkg/eser-go/processfx/supervised.go:117.26,118.19 1 0
github.com/eser/stack/apps/services/pkg/eser-go/processfx/supervised.go:119.24,120.17 1 0
github.com/eser/stack/apps/services/pkg/eser-go/processfx/supervised.go:121.29,122.22 1 0
github.com/eser/stack/apps/services/pkg/eser-go/processfx/supervised.go:123.25,124.18 1 0
github.com/eser/stack/apps/services/pkg/eser-go/processfx/supervised.go:125.10,126.19 1 0
github.com/eser/stack/apps/services/pkg/eser-go/processfx/supervised.go:131.39,133.2 1 0
github.com/eser/stack/apps/services/pkg/eser-go/processfx/supervised.go:166.46,167.26 1 0
github.com/eser/stack/apps/services/pkg/eser-go/processfx/supervised.go:167.26,169.3 1 0
github.com/eser/stack/apps/services/pkg/eser-go/processfx/supervised.go:171.2,171.32 1 0
github.com/eser/stack/apps/services/pkg/eser-go/processfx/supervised.go:175.62,176.30 1 0
github.com/eser/stack/apps/services/pkg/eser-go/processfx/supervised.go:176.30,178.3 1 0
github.com/eser/stack/apps/services/pkg/eser-go/processfx/supervised.go:180.2,180.36 1 0
github.com/eser/stack/apps/services/pkg/eser-go/processfx/supervisor.go:28.63,28.64 0 0
github.com/eser/stack/apps/services/pkg/eser-go/processfx/supervisor.go:29.63,29.64 0 0
github.com/eser/stack/apps/services/pkg/eser-go/processfx/supervisor.go:30.63,30.64 0 0
github.com/eser/stack/apps/services/pkg/eser-go/processfx/supervisor.go:31.63,31.64 0 0
github.com/eser/stack/apps/services/pkg/eser-go/processfx/supervisor.go:57.15,58.20 1 0
github.com/eser/stack/apps/services/pkg/eser-go/processfx/supervisor.go:58.20,60.3 1 0
github.com/eser/stack/apps/services/pkg/eser-go/processfx/supervisor.go:62.2,74.3 1 0
github.com/eser/stack/apps/services/pkg/eser-go/processfx/supervisor.go:82.74,84.16 2 0
github.com/eser/stack/apps/services/pkg/eser-go/processfx/supervisor.go:84.16,86.3 1 0
github.com/eser/stack/apps/services/pkg/eser-go/processfx/supervisor.go:88.2,100.6 7 0
github.com/eser/stack/apps/services/pkg/eser-go/processfx/supervisor.go:100.6,101.10 1 0
github.com/eser/stack/apps/services/pkg/eser-go/processfx/supervisor.go:102.21,105.67 2 0
github.com/eser/stack/apps/services/pkg/eser-go/processfx/supervisor.go:107.29,117.50 8 0
github.com/eser/stack/apps/services/pkg/eser-go/processfx/supervisor.go:119.48,130.23 8 0
github.com/eser/stack/apps/services/pkg/eser-go/processfx/supervisor.go:130.23,137.5 1 0
github.com/eser/stack/apps/services/pkg/eser-go/processfx/supervisor.go:139.4,139.43 1 0
github.com/eser/stack/apps/services/pkg/eser-go/processfx/supervisor.go:139.43,146.24 5 0
github.com/eser/stack/apps/services/pkg/eser-go/processfx/supervisor.go:146.24,152.6 1 0
github.com/eser/stack/apps/services/pkg/eser-go/processfx/supervisor.go:154.5,154.34 1 0
github.com/eser/stack/apps/services/pkg/eser-go/processfx/supervisor.go:158.4,158.23 1 0
github.com/eser/stack/apps/services/pkg/eser-go/processfx/supervisor.go:158.23,164.5 1 0
github.com/eser/stack/apps/services/pkg/eser-go/processfx/supervisor.go:166.4,174.11 6 0
github.com/eser/stack/apps/services/pkg/eser-go/processfx/supervisor.go:175.22,176.68 1 0
github.com/eser/stack/apps/services/pkg/eser-go/processfx/supervisor.go:177.31,177.31 0 0
github.com/eser/stack/apps/services/pkg/eser-go/processfx/supervisor.go:180.4,187.5 3 0
github.com/eser/stack/apps/services/pkg/eser-go/processfx/supervisor.go:193.55,202.12 5 0
github.com/eser/stack/apps/services/pkg/eser-go/processfx/supervisor.go:202.12,203.16 1 0
github.com/eser/stack/apps/services/pkg/eser-go/processfx/supervisor.go:203.16,204.48 1 0
github.com/eser/stack/apps/services/pkg/eser-go/processfx/supervisor.go:204.48,209.24 4 0
github.com/eser/stack/apps/services/pkg/eser-go/processfx/supervisor.go:209.24,214.6 1 0
github.com/eser/stack/apps/services/pkg/eser-go/processfx/supervisor.go:218.3,219.54 2 0
github.com/eser/stack/apps/services/pkg/eser-go/processfx/supervisor.go:219.54,224.23 4 0
github.com/eser/stack/apps/services/pkg/eser-go/processfx/supervisor.go:224.23,229.5 1 0
github.com/eser/stack/apps/services/pkg/eser-go/processfx/supervisor.go:235.35,236.23 1 0
github.com/eser/stack/apps/services/pkg/eser-go/processfx/supervisor.go:236.23,239.3 2 0
github.com/eser/stack/apps/services/pkg/eser-go/processfx/supervisor.go:244.44,260.2 3 0
github.com/eser/stack/apps/services/pkg/eser-go/processfx/supervisor.go:263.36,265.2 1 0
github.com/eser/stack/apps/services/pkg/eser-go/processfx/supervisor.go:268.39,273.2 3 0
github.com/eser/stack/apps/services/pkg/eser-go/i18nfx/locale_info.go:4.32,6.2 1 0
github.com/eser/stack/apps/services/pkg/eser-go/i18nfx/locale_info.go:9.32,10.19 1 0
github.com/eser/stack/apps/services/pkg/eser-go/i18nfx/locale_info.go:10.19,12.3 1 0
github.com/eser/stack/apps/services/pkg/eser-go/i18nfx/locale_info.go:14.2,14.14 1 0
github.com/eser/stack/apps/services/pkg/eser-go/i18nfx/localizer.go:22.55,24.16 2 0
github.com/eser/stack/apps/services/pkg/eser-go/i18nfx/localizer.go:24.16,26.3 1 0
github.com/eser/stack/apps/services/pkg/eser-go/i18nfx/localizer.go:28.2,32.19 4 0
github.com/eser/stack/apps/services/pkg/eser-go/i18nfx/localizer.go:32.19,34.3 1 0
github.com/eser/stack/apps/services/pkg/eser-go/i18nfx/localizer.go:36.2,36.32 1 0
github.com/eser/stack/apps/services/pkg/eser-go/i18nfx/localizer.go:36.32,37.20 1 0
github.com/eser/stack/apps/services/pkg/eser-go/i18nfx/localizer.go:37.20,38.12 1 0
github.com/eser/stack/apps/services/pkg/eser-go/i18nfx/localizer.go:41.3,41.44 1 0
github.com/eser/stack/apps/services/pkg/eser-go/i18nfx/localizer.go:41.44,42.12 1 0
github.com/eser/stack/apps/services/pkg/eser-go/i18nfx/localizer.go:45.3,48.21 3 0
github.com/eser/stack/apps/services/pkg/eser-go/i18nfx/localizer.go:48.21,50.4 1 0
github.com/eser/stack/apps/services/pkg/eser-go/i18nfx/localizer.go:53.2,56.8 1 0
github.com/eser/stack/apps/services/pkg/eser-go/i18nfx/localizer.go:61.63,67.16 3 0
github.com/eser/stack/apps/services/pkg/eser-go/i18nfx/localizer.go:67.16,69.3 1 0
github.com/eser/stack/apps/services/pkg/eser-go/i18nfx/localizer.go:71.2,71.12 1 0
github.com/eser/stack/apps/services/pkg/eser-go/i18nfx/localizer.go:75.92,82.16 3 0
github.com/eser/stack/apps/services/pkg/eser-go/i18nfx/localizer.go:82.16,84.3 1 0
github.com/eser/stack/apps/services/pkg/eser-go/i18nfx/localizer.go:86.2,86.12 1 0
github.com/eser/stack/apps/services/pkg/eser-go/i18nfx/localizer.go:91.56,93.53 1 0
github.com/eser/stack/apps/services/pkg/eser-go/i18nfx/localizer.go:93.53,95.4 1 0
github.com/eser/stack/apps/services/pkg/eser-go/httpfx/modules/openapi/openapi.go:12.71,13.28 1 0
github.com/eser/stack/apps/services/pkg/eser-go/httpfx/modules/openapi/openapi.go:13.28,15.3 1 0
github.com/eser/stack/apps/services/pkg/eser-go/httpfx/modules/openapi/openapi.go:17.2,18.70 1 0
github.com/eser/stack/apps/services/pkg/eser-go/httpfx/modules/openapi/openapi.go:18.70,27.4 3 0
github.com/eser/stack/apps/services/pkg/eser-go/httpfx/modules/openapi/spec_generator.go:8.76,26.43 2 0
github.com/eser/stack/apps/services/pkg/eser-go/httpfx/modules/openapi/spec_generator.go:26.43,39.49 2 0
github.com/eser/stack/apps/services/pkg/eser-go/httpfx/modules/openapi/spec_generator.go:39.49,50.4 2 0
github.com/eser/stack/apps/services/pkg/eser-go/httpfx/modules/openapi/spec_generator.go:52.3,55.43 3 0
github.com/eser/stack/apps/services/pkg/eser-go/httpfx/modules/openapi/spec_generator.go:58.2,58.13 1 0
github.com/eser/stack/apps/services/pkg/eser-go/httpfx/modules/healthcheck/healthcheck.go:44.68,46.2 1 0
github.com/eser/stack/apps/services/pkg/eser-go/httpfx/modules/healthcheck/healthcheck.go:48.71,49.32 1 0
github.com/eser/stack/apps/services/pkg/eser-go/httpfx/modules/healthcheck/healthcheck.go:49.32,51.3 1 0
github.com/eser/stack/apps/services/pkg/eser-go/httpfx/modules/healthcheck/healthcheck.go:54.2,55.70 1 0
github.com/eser/stack/apps/services/pkg/eser-go/httpfx/modules/healthcheck/healthcheck.go:55.70,57.4 1 0
github.com/eser/stack/apps/services/pkg/eser-go/httpfx/modules/healthcheck/healthcheck.go:63.2,64.64 1 0
github.com/eser/stack/apps/services/pkg/eser-go/httpfx/modules/healthcheck/healthcheck.go:64.64,66.4 1 0
github.com/eser/stack/apps/services/pkg/eser-go/httpfx/modules/healthcheck/healthcheck.go:73.43,80.31 2 0
github.com/eser/stack/apps/services/pkg/eser-go/httpfx/modules/healthcheck/healthcheck.go:80.31,82.3 1 0
github.com/eser/stack/apps/services/pkg/eser-go/httpfx/modules/healthcheck/healthcheck.go:84.2,96.17 5 0
github.com/eser/stack/apps/services/pkg/eser-go/httpfx/modules/healthcheck/healthcheck.go:100.65,101.23 1 0
github.com/eser/stack/apps/services/pkg/eser-go/httpfx/modules/healthcheck/healthcheck.go:101.23,103.3 1 0
github.com/eser/stack/apps/services/pkg/eser-go/httpfx/modules/healthcheck/healthcheck.go:105.2,105.24 1 0
github.com/eser/stack/apps/services/pkg/eser-go/httpfx/modules/healthcheck/healthcheck.go:105.24,107.3 1 0
github.com/eser/stack/apps/services/pkg/eser-go/httpfx/modules/healthcheck/healthcheck.go:109.2,109.19 1 0
github.com/eser/stack/apps/services/pkg/eser-go/httpfx/modules/healthcheck/healthcheck.go:115.33,118.48 2 0
github.com/eser/stack/apps/services/pkg/eser-go/httpfx/modules/healthcheck/healthcheck.go:118.48,129.37 2 0
github.com/eser/stack/apps/services/pkg/eser-go/httpfx/modules/healthcheck/healthcheck.go:129.37,131.4 1 0
github.com/eser/stack/apps/services/pkg/eser-go/httpfx/modules/healthcheck/healthcheck.go:133.3,133.33 1 0
github.com/eser/stack/apps/services/pkg/eser-go/httpfx/modules/healthcheck/healthcheck.go:133.33,135.4 1 0
github.com/eser/stack/apps/services/pkg/eser-go/httpfx/modules/healthcheck/healthcheck.go:137.3,137.30 1 0
github.com/eser/stack/apps/services/pkg/eser-go/httpfx/modules/healthcheck/healthcheck.go:137.30,139.4 1 0
github.com/eser/stack/apps/services/pkg/eser-go/httpfx/modules/healthcheck/healthcheck.go:141.3,141.31 1 0
github.com/eser/stack/apps/services/pkg/eser-go/httpfx/modules/healthcheck/healthcheck.go:144.2,144.16 1 0
github.com/eser/stack/apps/services/pkg/eser-go/httpfx/modules/profiling/profiling.go:12.71,13.30 1 0
github.com/eser/stack/apps/services/pkg/eser-go/httpfx/modules/profiling/profiling.go:13.30,15.3 1 0
github.com/eser/stack/apps/services/pkg/eser-go/httpfx/modules/profiling/profiling.go:19.2,20.22 2 0
github.com/eser/stack/apps/services/pkg/eser-go/httpfx/modules/profiling/profiling.go:20.22,24.3 1 0
github.com/eser/stack/apps/services/pkg/eser-go/httpfx/modules/profiling/profiling.go:26.2,26.56 1 0
github.com/eser/stack/apps/services/pkg/eser-go/httpfx/modules/profiling/profiling.go:26.56,27.55 1 0
github.com/eser/stack/apps/services/pkg/eser-go/httpfx/modules/profiling/profiling.go:27.55,28.68 1 0
github.com/eser/stack/apps/services/pkg/eser-go/httpfx/modules/profiling/profiling.go:28.68,32.5 2 0
github.com/eser/stack/apps/services/pkg/eser-go/httpfx/modules/profiling/profiling.go:34.4,34.14 1 0
github.com/eser/stack/apps/services/pkg/eser-go/httpfx/modules/profiling/profiling.go:38.2,44.58 6 0
